2019-08-12 09:31:29,225  [PID 15320]  read_config_and_dir  [INFO]  read and load conf file ./config/config.json
2019-08-12 09:31:29,225  [PID 15320]  load_to_ftp_random_files_new  [INFO]  received groups ending_files
2019-08-12 09:31:29,225  [PID 15320]  create_dir_and_files  [INFO]  generate random file name c2024a3f-0acd-48ad-a098-20e4a768336d
2019-08-12 09:31:29,225  [PID 15320]  create_dir_and_files  [INFO]  directory temp_folder already exist
2019-08-12 09:31:29,231  [PID 15320]  create_dir_and_files  [INFO]  created random files G:\_work\_program\_home_work\loading_random_files_to_ftp/temp_folder/c2024a3f-0acd-48ad-a098-20e4a768336d.to
2019-08-12 09:31:29,236  [PID 15320]  create_dir_and_files  [INFO]  created random files G:\_work\_program\_home_work\loading_random_files_to_ftp/temp_folder/c2024a3f-0acd-48ad-a098-20e4a768336d.t01
2019-08-12 09:31:29,242  [PID 15320]  create_dir_and_files  [INFO]  created random files G:\_work\_program\_home_work\loading_random_files_to_ftp/temp_folder/c2024a3f-0acd-48ad-a098-20e4a768336d.t02
2019-08-12 09:31:29,248  [PID 15320]  create_dir_and_files  [INFO]  created random files G:\_work\_program\_home_work\loading_random_files_to_ftp/temp_folder/c2024a3f-0acd-48ad-a098-20e4a768336d.t03
2019-08-12 09:31:29,254  [PID 15320]  create_dir_and_files  [INFO]  created random files G:\_work\_program\_home_work\loading_random_files_to_ftp/temp_folder/c2024a3f-0acd-48ad-a098-20e4a768336d.t04
2019-08-12 09:31:29,259  [PID 15320]  create_dir_and_files  [INFO]  created random files G:\_work\_program\_home_work\loading_random_files_to_ftp/temp_folder/c2024a3f-0acd-48ad-a098-20e4a768336d.t05
2019-08-12 09:31:29,264  [PID 15320]  create_dir_and_files  [INFO]  created random files G:\_work\_program\_home_work\loading_random_files_to_ftp/temp_folder/c2024a3f-0acd-48ad-a098-20e4a768336d.t06
2019-08-12 09:31:29,270  [PID 15320]  create_dir_and_files  [INFO]  created random files G:\_work\_program\_home_work\loading_random_files_to_ftp/temp_folder/c2024a3f-0acd-48ad-a098-20e4a768336d.t07
2019-08-12 09:31:29,275  [PID 15320]  create_dir_and_files  [INFO]  created random files G:\_work\_program\_home_work\loading_random_files_to_ftp/temp_folder/c2024a3f-0acd-48ad-a098-20e4a768336d.t08
2019-08-12 09:31:29,280  [PID 15320]  create_dir_and_files  [INFO]  created random files G:\_work\_program\_home_work\loading_random_files_to_ftp/temp_folder/c2024a3f-0acd-48ad-a098-20e4a768336d.t09
2019-08-12 09:31:29,285  [PID 15320]  create_dir_and_files  [INFO]  created random files G:\_work\_program\_home_work\loading_random_files_to_ftp/temp_folder/c2024a3f-0acd-48ad-a098-20e4a768336d.t0A
2019-08-12 09:31:29,290  [PID 15320]  create_dir_and_files  [INFO]  created random files G:\_work\_program\_home_work\loading_random_files_to_ftp/temp_folder/c2024a3f-0acd-48ad-a098-20e4a768336d.t0B
2019-08-12 09:31:29,295  [PID 15320]  create_dir_and_files  [INFO]  created random files G:\_work\_program\_home_work\loading_random_files_to_ftp/temp_folder/c2024a3f-0acd-48ad-a098-20e4a768336d.t0C
2019-08-12 09:31:29,301  [PID 15320]  create_dir_and_files  [INFO]  created random files G:\_work\_program\_home_work\loading_random_files_to_ftp/temp_folder/c2024a3f-0acd-48ad-a098-20e4a768336d.t0D
2019-08-12 09:31:29,306  [PID 15320]  create_dir_and_files  [INFO]  created random files G:\_work\_program\_home_work\loading_random_files_to_ftp/temp_folder/c2024a3f-0acd-48ad-a098-20e4a768336d.t0E
2019-08-12 09:31:29,311  [PID 15320]  create_dir_and_files  [INFO]  created random files G:\_work\_program\_home_work\loading_random_files_to_ftp/temp_folder/c2024a3f-0acd-48ad-a098-20e4a768336d.t0F
2019-08-12 09:31:29,311  [PID 15320]  create_dir_and_files  [INFO]  generate random file name 2c101fae-c850-47db-b107-bb16cdb94b27
2019-08-12 09:31:29,311  [PID 15320]  create_dir_and_files  [INFO]  directory temp_folder already exist
2019-08-12 09:31:29,316  [PID 15320]  create_dir_and_files  [INFO]  created random files G:\_work\_program\_home_work\loading_random_files_to_ftp/temp_folder/2c101fae-c850-47db-b107-bb16cdb94b27.do
2019-08-12 09:31:29,322  [PID 15320]  create_dir_and_files  [INFO]  created random files G:\_work\_program\_home_work\loading_random_files_to_ftp/temp_folder/2c101fae-c850-47db-b107-bb16cdb94b27.d01
2019-08-12 09:31:29,326  [PID 15320]  create_dir_and_files  [INFO]  created random files G:\_work\_program\_home_work\loading_random_files_to_ftp/temp_folder/2c101fae-c850-47db-b107-bb16cdb94b27.d02
2019-08-12 09:31:29,332  [PID 15320]  create_dir_and_files  [INFO]  created random files G:\_work\_program\_home_work\loading_random_files_to_ftp/temp_folder/2c101fae-c850-47db-b107-bb16cdb94b27.d03
2019-08-12 09:31:29,337  [PID 15320]  create_dir_and_files  [INFO]  created random files G:\_work\_program\_home_work\loading_random_files_to_ftp/temp_folder/2c101fae-c850-47db-b107-bb16cdb94b27.d04
2019-08-12 09:31:29,342  [PID 15320]  create_dir_and_files  [INFO]  created random files G:\_work\_program\_home_work\loading_random_files_to_ftp/temp_folder/2c101fae-c850-47db-b107-bb16cdb94b27.d05
2019-08-12 09:31:29,347  [PID 15320]  create_dir_and_files  [INFO]  created random files G:\_work\_program\_home_work\loading_random_files_to_ftp/temp_folder/2c101fae-c850-47db-b107-bb16cdb94b27.d06
2019-08-12 09:31:29,352  [PID 15320]  create_dir_and_files  [INFO]  created random files G:\_work\_program\_home_work\loading_random_files_to_ftp/temp_folder/2c101fae-c850-47db-b107-bb16cdb94b27.d07
2019-08-12 09:31:29,358  [PID 15320]  create_dir_and_files  [INFO]  created random files G:\_work\_program\_home_work\loading_random_files_to_ftp/temp_folder/2c101fae-c850-47db-b107-bb16cdb94b27.d08
2019-08-12 09:31:29,362  [PID 15320]  create_dir_and_files  [INFO]  created random files G:\_work\_program\_home_work\loading_random_files_to_ftp/temp_folder/2c101fae-c850-47db-b107-bb16cdb94b27.d09
2019-08-12 09:31:29,368  [PID 15320]  create_dir_and_files  [INFO]  created random files G:\_work\_program\_home_work\loading_random_files_to_ftp/temp_folder/2c101fae-c850-47db-b107-bb16cdb94b27.d0A
2019-08-12 09:31:29,373  [PID 15320]  create_dir_and_files  [INFO]  created random files G:\_work\_program\_home_work\loading_random_files_to_ftp/temp_folder/2c101fae-c850-47db-b107-bb16cdb94b27.d0B
2019-08-12 09:31:29,377  [PID 15320]  create_dir_and_files  [INFO]  created random files G:\_work\_program\_home_work\loading_random_files_to_ftp/temp_folder/2c101fae-c850-47db-b107-bb16cdb94b27.d0C
2019-08-12 09:31:29,382  [PID 15320]  create_dir_and_files  [INFO]  created random files G:\_work\_program\_home_work\loading_random_files_to_ftp/temp_folder/2c101fae-c850-47db-b107-bb16cdb94b27.d0D
2019-08-12 09:31:29,387  [PID 15320]  create_dir_and_files  [INFO]  created random files G:\_work\_program\_home_work\loading_random_files_to_ftp/temp_folder/2c101fae-c850-47db-b107-bb16cdb94b27.d0E
2019-08-12 09:31:29,393  [PID 15320]  create_dir_and_files  [INFO]  created random files G:\_work\_program\_home_work\loading_random_files_to_ftp/temp_folder/2c101fae-c850-47db-b107-bb16cdb94b27.d0F
2019-08-12 09:31:29,393  [PID 15320]  create_dir_and_files  [INFO]  generate random file name 48cba07c-e0f2-430d-9394-822b01375b19
2019-08-12 09:31:29,393  [PID 15320]  create_dir_and_files  [INFO]  directory temp_folder already exist
2019-08-12 09:31:29,399  [PID 15320]  create_dir_and_files  [INFO]  created random files G:\_work\_program\_home_work\loading_random_files_to_ftp/temp_folder/48cba07c-e0f2-430d-9394-822b01375b19.zip
2019-08-12 09:31:29,399  [PID 15320]  create_dir_and_files  [INFO]  generate random file name ea58df3f-b4a7-4166-be7d-a44d99fd86e6
2019-08-12 09:31:29,399  [PID 15320]  create_dir_and_files  [INFO]  directory temp_folder already exist
2019-08-12 09:31:29,403  [PID 15320]  create_dir_and_files  [INFO]  created random files G:\_work\_program\_home_work\loading_random_files_to_ftp/temp_folder/ea58df3f-b4a7-4166-be7d-a44d99fd86e6.os1.zip
2019-08-12 09:31:29,408  [PID 15320]  create_dir_and_files  [INFO]  created random files G:\_work\_program\_home_work\loading_random_files_to_ftp/temp_folder/ea58df3f-b4a7-4166-be7d-a44d99fd86e6.os2.zip
2019-08-12 09:39:14,394  [PID 9688]  read_config_and_dir  [INFO]  read and load conf file ./config/config.json
2019-08-12 09:39:14,394  [PID 9688]  load_to_ftp_random_files_new  [INFO]  received groups ending_files
2019-08-12 11:09:39,099  [PID 12824]  read_config_and_dir  [INFO]  read and load conf file ./config/config.json
2019-08-12 11:09:39,099  [PID 12824]  load_to_ftp_random_files_new  [INFO]  received groups ending_files
2019-08-12 11:52:03,639  [PID 6436]  read_config_and_dir  [INFO]  read and load conf file ./config/config.json
2019-08-12 11:52:03,640  [PID 6436]  load_to_ftp_random_files_new  [INFO]  received groups ending_files
2019-08-12 11:56:53,711  [PID 644]  read_config_and_dir  [INFO]  read and load conf file ./config/config.json
2019-08-12 11:56:53,711  [PID 644]  load_to_ftp_random_files_new  [INFO]  received groups ending_files
2019-08-12 12:00:19,946  [PID 16268]  read_config_and_dir  [INFO]  read and load conf file ./config/config.json
2019-08-12 12:00:19,946  [PID 16268]  load_to_ftp_random_files_new  [INFO]  received groups ending_files
2019-08-12 12:01:50,749  [PID 9348]  read_config_and_dir  [INFO]  read and load conf file ./config/config.json
2019-08-12 12:01:50,749  [PID 9348]  load_to_ftp_random_files_new  [INFO]  received groups ending_files
2019-08-12 12:03:59,445  [PID 13416]  read_config_and_dir  [INFO]  read and load conf file ./config/config.json
2019-08-12 12:03:59,445  [PID 13416]  load_to_ftp_random_files_new  [INFO]  received groups ending_files
2019-08-12 12:07:06,138  [PID 11840]  read_config_and_dir  [INFO]  read and load conf file ./config/config.json
2019-08-12 12:07:06,138  [PID 11840]  load_to_ftp_random_files_new  [INFO]  received groups ending_files
2019-08-12 14:37:25,727  [PID 5544]  read_config_and_dir  [INFO]  read and load conf file ./config/config.json
2019-08-12 14:37:25,727  [PID 5544]  load_to_ftp_random_files_new  [INFO]  received groups ending_files
2019-08-12 14:37:25,728  [PID 5544]  load_to_ftp_random_files_new  [INFO]  received from config file - ftp_host, ip_addr, port, user_name, password
2019-08-12 14:37:25,728  [PID 5544]  create_dir_and_files  [INFO]  generate random file name f3fcbac1-bf1d-4f7f-93e0-a66e19e558d5
2019-08-12 14:37:25,728  [PID 5544]  create_dir_and_files  [INFO]  directory temp_folder already exist
2019-08-12 14:37:25,733  [PID 5544]  create_dir_and_files  [INFO]  created random files G:\_work\_program\_home_work\loading_random_files_to_ftp/temp_folder/f3fcbac1-bf1d-4f7f-93e0-a66e19e558d5.to
2019-08-12 14:37:25,737  [PID 5544]  create_dir_and_files  [INFO]  created random files G:\_work\_program\_home_work\loading_random_files_to_ftp/temp_folder/f3fcbac1-bf1d-4f7f-93e0-a66e19e558d5.t01
2019-08-12 14:37:25,742  [PID 5544]  create_dir_and_files  [INFO]  created random files G:\_work\_program\_home_work\loading_random_files_to_ftp/temp_folder/f3fcbac1-bf1d-4f7f-93e0-a66e19e558d5.t02
2019-08-12 14:37:25,747  [PID 5544]  create_dir_and_files  [INFO]  created random files G:\_work\_program\_home_work\loading_random_files_to_ftp/temp_folder/f3fcbac1-bf1d-4f7f-93e0-a66e19e558d5.t03
2019-08-12 14:37:25,752  [PID 5544]  create_dir_and_files  [INFO]  created random files G:\_work\_program\_home_work\loading_random_files_to_ftp/temp_folder/f3fcbac1-bf1d-4f7f-93e0-a66e19e558d5.t04
2019-08-12 14:37:25,756  [PID 5544]  create_dir_and_files  [INFO]  created random files G:\_work\_program\_home_work\loading_random_files_to_ftp/temp_folder/f3fcbac1-bf1d-4f7f-93e0-a66e19e558d5.t05
2019-08-12 14:37:25,761  [PID 5544]  create_dir_and_files  [INFO]  created random files G:\_work\_program\_home_work\loading_random_files_to_ftp/temp_folder/f3fcbac1-bf1d-4f7f-93e0-a66e19e558d5.t06
2019-08-12 14:37:25,766  [PID 5544]  create_dir_and_files  [INFO]  created random files G:\_work\_program\_home_work\loading_random_files_to_ftp/temp_folder/f3fcbac1-bf1d-4f7f-93e0-a66e19e558d5.t07
2019-08-12 14:37:25,770  [PID 5544]  create_dir_and_files  [INFO]  created random files G:\_work\_program\_home_work\loading_random_files_to_ftp/temp_folder/f3fcbac1-bf1d-4f7f-93e0-a66e19e558d5.t08
2019-08-12 14:37:25,775  [PID 5544]  create_dir_and_files  [INFO]  created random files G:\_work\_program\_home_work\loading_random_files_to_ftp/temp_folder/f3fcbac1-bf1d-4f7f-93e0-a66e19e558d5.t09
2019-08-12 14:37:25,780  [PID 5544]  create_dir_and_files  [INFO]  created random files G:\_work\_program\_home_work\loading_random_files_to_ftp/temp_folder/f3fcbac1-bf1d-4f7f-93e0-a66e19e558d5.t0A
2019-08-12 14:37:25,784  [PID 5544]  create_dir_and_files  [INFO]  created random files G:\_work\_program\_home_work\loading_random_files_to_ftp/temp_folder/f3fcbac1-bf1d-4f7f-93e0-a66e19e558d5.t0B
2019-08-12 14:37:25,789  [PID 5544]  create_dir_and_files  [INFO]  created random files G:\_work\_program\_home_work\loading_random_files_to_ftp/temp_folder/f3fcbac1-bf1d-4f7f-93e0-a66e19e558d5.t0C
2019-08-12 14:37:25,794  [PID 5544]  create_dir_and_files  [INFO]  created random files G:\_work\_program\_home_work\loading_random_files_to_ftp/temp_folder/f3fcbac1-bf1d-4f7f-93e0-a66e19e558d5.t0D
2019-08-12 14:37:25,799  [PID 5544]  create_dir_and_files  [INFO]  created random files G:\_work\_program\_home_work\loading_random_files_to_ftp/temp_folder/f3fcbac1-bf1d-4f7f-93e0-a66e19e558d5.t0E
2019-08-12 14:37:25,803  [PID 5544]  create_dir_and_files  [INFO]  created random files G:\_work\_program\_home_work\loading_random_files_to_ftp/temp_folder/f3fcbac1-bf1d-4f7f-93e0-a66e19e558d5.t0F
2019-08-12 14:37:25,803  [PID 5544]  create_dir_and_files  [INFO]  generate random file name bf5318f2-0b82-403a-8087-c1fbaf131b63
2019-08-12 14:37:25,804  [PID 5544]  create_dir_and_files  [INFO]  directory temp_folder already exist
2019-08-12 14:37:25,807  [PID 5544]  create_dir_and_files  [INFO]  created random files G:\_work\_program\_home_work\loading_random_files_to_ftp/temp_folder/bf5318f2-0b82-403a-8087-c1fbaf131b63.do
2019-08-12 14:37:25,812  [PID 5544]  create_dir_and_files  [INFO]  created random files G:\_work\_program\_home_work\loading_random_files_to_ftp/temp_folder/bf5318f2-0b82-403a-8087-c1fbaf131b63.d01
2019-08-12 14:37:25,816  [PID 5544]  create_dir_and_files  [INFO]  created random files G:\_work\_program\_home_work\loading_random_files_to_ftp/temp_folder/bf5318f2-0b82-403a-8087-c1fbaf131b63.d02
2019-08-12 14:37:25,821  [PID 5544]  create_dir_and_files  [INFO]  created random files G:\_work\_program\_home_work\loading_random_files_to_ftp/temp_folder/bf5318f2-0b82-403a-8087-c1fbaf131b63.d03
2019-08-12 14:37:25,826  [PID 5544]  create_dir_and_files  [INFO]  created random files G:\_work\_program\_home_work\loading_random_files_to_ftp/temp_folder/bf5318f2-0b82-403a-8087-c1fbaf131b63.d04
2019-08-12 14:37:25,830  [PID 5544]  create_dir_and_files  [INFO]  created random files G:\_work\_program\_home_work\loading_random_files_to_ftp/temp_folder/bf5318f2-0b82-403a-8087-c1fbaf131b63.d05
2019-08-12 14:37:25,835  [PID 5544]  create_dir_and_files  [INFO]  created random files G:\_work\_program\_home_work\loading_random_files_to_ftp/temp_folder/bf5318f2-0b82-403a-8087-c1fbaf131b63.d06
2019-08-12 14:37:25,840  [PID 5544]  create_dir_and_files  [INFO]  created random files G:\_work\_program\_home_work\loading_random_files_to_ftp/temp_folder/bf5318f2-0b82-403a-8087-c1fbaf131b63.d07
2019-08-12 14:37:25,844  [PID 5544]  create_dir_and_files  [INFO]  created random files G:\_work\_program\_home_work\loading_random_files_to_ftp/temp_folder/bf5318f2-0b82-403a-8087-c1fbaf131b63.d08
2019-08-12 14:37:25,849  [PID 5544]  create_dir_and_files  [INFO]  created random files G:\_work\_program\_home_work\loading_random_files_to_ftp/temp_folder/bf5318f2-0b82-403a-8087-c1fbaf131b63.d09
2019-08-12 14:37:25,854  [PID 5544]  create_dir_and_files  [INFO]  created random files G:\_work\_program\_home_work\loading_random_files_to_ftp/temp_folder/bf5318f2-0b82-403a-8087-c1fbaf131b63.d0A
2019-08-12 14:37:25,858  [PID 5544]  create_dir_and_files  [INFO]  created random files G:\_work\_program\_home_work\loading_random_files_to_ftp/temp_folder/bf5318f2-0b82-403a-8087-c1fbaf131b63.d0B
2019-08-12 14:37:25,862  [PID 5544]  create_dir_and_files  [INFO]  created random files G:\_work\_program\_home_work\loading_random_files_to_ftp/temp_folder/bf5318f2-0b82-403a-8087-c1fbaf131b63.d0C
2019-08-12 14:37:25,867  [PID 5544]  create_dir_and_files  [INFO]  created random files G:\_work\_program\_home_work\loading_random_files_to_ftp/temp_folder/bf5318f2-0b82-403a-8087-c1fbaf131b63.d0D
2019-08-12 14:37:25,872  [PID 5544]  create_dir_and_files  [INFO]  created random files G:\_work\_program\_home_work\loading_random_files_to_ftp/temp_folder/bf5318f2-0b82-403a-8087-c1fbaf131b63.d0E
2019-08-12 14:37:25,876  [PID 5544]  create_dir_and_files  [INFO]  created random files G:\_work\_program\_home_work\loading_random_files_to_ftp/temp_folder/bf5318f2-0b82-403a-8087-c1fbaf131b63.d0F
2019-08-12 14:37:25,877  [PID 5544]  create_dir_and_files  [INFO]  generate random file name c5de3e97-ce1e-42a8-8468-a5898f320c28
2019-08-12 14:37:25,877  [PID 5544]  create_dir_and_files  [INFO]  directory temp_folder already exist
2019-08-12 14:37:25,882  [PID 5544]  create_dir_and_files  [INFO]  created random files G:\_work\_program\_home_work\loading_random_files_to_ftp/temp_folder/c5de3e97-ce1e-42a8-8468-a5898f320c28.zip
2019-08-12 14:37:25,882  [PID 5544]  create_dir_and_files  [INFO]  generate random file name 61f7dce1-7ac6-4c03-ae73-7517168214a3
2019-08-12 14:37:25,882  [PID 5544]  create_dir_and_files  [INFO]  directory temp_folder already exist
2019-08-12 14:37:25,887  [PID 5544]  create_dir_and_files  [INFO]  created random files G:\_work\_program\_home_work\loading_random_files_to_ftp/temp_folder/61f7dce1-7ac6-4c03-ae73-7517168214a3.os1.zip
2019-08-12 14:37:25,893  [PID 5544]  create_dir_and_files  [INFO]  created random files G:\_work\_program\_home_work\loading_random_files_to_ftp/temp_folder/61f7dce1-7ac6-4c03-ae73-7517168214a3.os2.zip
2019-08-12 14:37:25,893  [PID 5544]  load_to_ftp_random_files_new  [INFO]  received from config file - ftp_host, ip_addr, port, user_name, password
2019-08-12 14:37:25,893  [PID 5544]  create_dir_and_files  [INFO]  generate random file name 53b63cce-21f8-4cf7-b1c9-93752f91acda
2019-08-12 14:37:25,893  [PID 5544]  create_dir_and_files  [INFO]  directory temp_folder already exist
2019-08-12 14:37:25,897  [PID 5544]  create_dir_and_files  [INFO]  created random files G:\_work\_program\_home_work\loading_random_files_to_ftp/temp_folder/53b63cce-21f8-4cf7-b1c9-93752f91acda.to
2019-08-12 14:37:25,902  [PID 5544]  create_dir_and_files  [INFO]  created random files G:\_work\_program\_home_work\loading_random_files_to_ftp/temp_folder/53b63cce-21f8-4cf7-b1c9-93752f91acda.t01
2019-08-12 14:37:25,907  [PID 5544]  create_dir_and_files  [INFO]  created random files G:\_work\_program\_home_work\loading_random_files_to_ftp/temp_folder/53b63cce-21f8-4cf7-b1c9-93752f91acda.t02
2019-08-12 14:37:25,912  [PID 5544]  create_dir_and_files  [INFO]  created random files G:\_work\_program\_home_work\loading_random_files_to_ftp/temp_folder/53b63cce-21f8-4cf7-b1c9-93752f91acda.t03
2019-08-12 14:37:25,917  [PID 5544]  create_dir_and_files  [INFO]  created random files G:\_work\_program\_home_work\loading_random_files_to_ftp/temp_folder/53b63cce-21f8-4cf7-b1c9-93752f91acda.t04
2019-08-12 14:37:25,921  [PID 5544]  create_dir_and_files  [INFO]  created random files G:\_work\_program\_home_work\loading_random_files_to_ftp/temp_folder/53b63cce-21f8-4cf7-b1c9-93752f91acda.t05
2019-08-12 14:37:25,926  [PID 5544]  create_dir_and_files  [INFO]  created random files G:\_work\_program\_home_work\loading_random_files_to_ftp/temp_folder/53b63cce-21f8-4cf7-b1c9-93752f91acda.t06
2019-08-12 14:37:25,931  [PID 5544]  create_dir_and_files  [INFO]  created random files G:\_work\_program\_home_work\loading_random_files_to_ftp/temp_folder/53b63cce-21f8-4cf7-b1c9-93752f91acda.t07
2019-08-12 14:37:25,936  [PID 5544]  create_dir_and_files  [INFO]  created random files G:\_work\_program\_home_work\loading_random_files_to_ftp/temp_folder/53b63cce-21f8-4cf7-b1c9-93752f91acda.t08
2019-08-12 14:37:25,940  [PID 5544]  create_dir_and_files  [INFO]  created random files G:\_work\_program\_home_work\loading_random_files_to_ftp/temp_folder/53b63cce-21f8-4cf7-b1c9-93752f91acda.t09
2019-08-12 14:37:25,945  [PID 5544]  create_dir_and_files  [INFO]  created random files G:\_work\_program\_home_work\loading_random_files_to_ftp/temp_folder/53b63cce-21f8-4cf7-b1c9-93752f91acda.t0A
2019-08-12 14:37:25,949  [PID 5544]  create_dir_and_files  [INFO]  created random files G:\_work\_program\_home_work\loading_random_files_to_ftp/temp_folder/53b63cce-21f8-4cf7-b1c9-93752f91acda.t0B
2019-08-12 14:37:25,954  [PID 5544]  create_dir_and_files  [INFO]  created random files G:\_work\_program\_home_work\loading_random_files_to_ftp/temp_folder/53b63cce-21f8-4cf7-b1c9-93752f91acda.t0C
2019-08-12 14:37:25,960  [PID 5544]  create_dir_and_files  [INFO]  created random files G:\_work\_program\_home_work\loading_random_files_to_ftp/temp_folder/53b63cce-21f8-4cf7-b1c9-93752f91acda.t0D
2019-08-12 14:37:25,965  [PID 5544]  create_dir_and_files  [INFO]  created random files G:\_work\_program\_home_work\loading_random_files_to_ftp/temp_folder/53b63cce-21f8-4cf7-b1c9-93752f91acda.t0E
2019-08-12 14:37:25,970  [PID 5544]  create_dir_and_files  [INFO]  created random files G:\_work\_program\_home_work\loading_random_files_to_ftp/temp_folder/53b63cce-21f8-4cf7-b1c9-93752f91acda.t0F
2019-08-12 14:37:25,970  [PID 5544]  create_dir_and_files  [INFO]  generate random file name 2188f304-8c04-4af3-abcb-2d045b1c0fac
2019-08-12 14:37:25,970  [PID 5544]  create_dir_and_files  [INFO]  directory temp_folder already exist
2019-08-12 14:37:25,975  [PID 5544]  create_dir_and_files  [INFO]  created random files G:\_work\_program\_home_work\loading_random_files_to_ftp/temp_folder/2188f304-8c04-4af3-abcb-2d045b1c0fac.do
2019-08-12 14:37:25,980  [PID 5544]  create_dir_and_files  [INFO]  created random files G:\_work\_program\_home_work\loading_random_files_to_ftp/temp_folder/2188f304-8c04-4af3-abcb-2d045b1c0fac.d01
2019-08-12 14:37:25,985  [PID 5544]  create_dir_and_files  [INFO]  created random files G:\_work\_program\_home_work\loading_random_files_to_ftp/temp_folder/2188f304-8c04-4af3-abcb-2d045b1c0fac.d02
2019-08-12 14:37:25,989  [PID 5544]  create_dir_and_files  [INFO]  created random files G:\_work\_program\_home_work\loading_random_files_to_ftp/temp_folder/2188f304-8c04-4af3-abcb-2d045b1c0fac.d03
2019-08-12 14:37:25,994  [PID 5544]  create_dir_and_files  [INFO]  created random files G:\_work\_program\_home_work\loading_random_files_to_ftp/temp_folder/2188f304-8c04-4af3-abcb-2d045b1c0fac.d04
2019-08-12 14:37:25,999  [PID 5544]  create_dir_and_files  [INFO]  created random files G:\_work\_program\_home_work\loading_random_files_to_ftp/temp_folder/2188f304-8c04-4af3-abcb-2d045b1c0fac.d05
2019-08-12 14:37:26,004  [PID 5544]  create_dir_and_files  [INFO]  created random files G:\_work\_program\_home_work\loading_random_files_to_ftp/temp_folder/2188f304-8c04-4af3-abcb-2d045b1c0fac.d06
2019-08-12 14:37:26,009  [PID 5544]  create_dir_and_files  [INFO]  created random files G:\_work\_program\_home_work\loading_random_files_to_ftp/temp_folder/2188f304-8c04-4af3-abcb-2d045b1c0fac.d07
2019-08-12 14:37:26,014  [PID 5544]  create_dir_and_files  [INFO]  created random files G:\_work\_program\_home_work\loading_random_files_to_ftp/temp_folder/2188f304-8c04-4af3-abcb-2d045b1c0fac.d08
2019-08-12 14:37:26,019  [PID 5544]  create_dir_and_files  [INFO]  created random files G:\_work\_program\_home_work\loading_random_files_to_ftp/temp_folder/2188f304-8c04-4af3-abcb-2d045b1c0fac.d09
2019-08-12 14:37:26,026  [PID 5544]  create_dir_and_files  [INFO]  created random files G:\_work\_program\_home_work\loading_random_files_to_ftp/temp_folder/2188f304-8c04-4af3-abcb-2d045b1c0fac.d0A
2019-08-12 14:37:26,030  [PID 5544]  create_dir_and_files  [INFO]  created random files G:\_work\_program\_home_work\loading_random_files_to_ftp/temp_folder/2188f304-8c04-4af3-abcb-2d045b1c0fac.d0B
2019-08-12 14:37:26,035  [PID 5544]  create_dir_and_files  [INFO]  created random files G:\_work\_program\_home_work\loading_random_files_to_ftp/temp_folder/2188f304-8c04-4af3-abcb-2d045b1c0fac.d0C
2019-08-12 14:37:26,040  [PID 5544]  create_dir_and_files  [INFO]  created random files G:\_work\_program\_home_work\loading_random_files_to_ftp/temp_folder/2188f304-8c04-4af3-abcb-2d045b1c0fac.d0D
2019-08-12 14:37:26,045  [PID 5544]  create_dir_and_files  [INFO]  created random files G:\_work\_program\_home_work\loading_random_files_to_ftp/temp_folder/2188f304-8c04-4af3-abcb-2d045b1c0fac.d0E
2019-08-12 14:37:26,050  [PID 5544]  create_dir_and_files  [INFO]  created random files G:\_work\_program\_home_work\loading_random_files_to_ftp/temp_folder/2188f304-8c04-4af3-abcb-2d045b1c0fac.d0F
2019-08-12 14:37:26,050  [PID 5544]  create_dir_and_files  [INFO]  generate random file name 0d1bd908-cacb-4d4f-b3c1-5a3441d4d91c
2019-08-12 14:37:26,050  [PID 5544]  create_dir_and_files  [INFO]  directory temp_folder already exist
2019-08-12 14:37:26,055  [PID 5544]  create_dir_and_files  [INFO]  created random files G:\_work\_program\_home_work\loading_random_files_to_ftp/temp_folder/0d1bd908-cacb-4d4f-b3c1-5a3441d4d91c.zip
2019-08-12 14:37:26,055  [PID 5544]  create_dir_and_files  [INFO]  generate random file name ece198ea-00fb-4216-a162-011d2139bedb
2019-08-12 14:37:26,055  [PID 5544]  create_dir_and_files  [INFO]  directory temp_folder already exist
2019-08-12 14:37:26,060  [PID 5544]  create_dir_and_files  [INFO]  created random files G:\_work\_program\_home_work\loading_random_files_to_ftp/temp_folder/ece198ea-00fb-4216-a162-011d2139bedb.os1.zip
2019-08-12 14:37:26,064  [PID 5544]  create_dir_and_files  [INFO]  created random files G:\_work\_program\_home_work\loading_random_files_to_ftp/temp_folder/ece198ea-00fb-4216-a162-011d2139bedb.os2.zip
2019-08-12 14:37:26,065  [PID 5544]  load_to_ftp_random_files_new  [INFO]  received from config file - ftp_host, ip_addr, port, user_name, password
2019-08-12 14:37:26,065  [PID 5544]  create_dir_and_files  [INFO]  generate random file name 563a4b8e-aaaa-409d-b79a-42f4186f937b
2019-08-12 14:37:26,065  [PID 5544]  create_dir_and_files  [INFO]  directory temp_folder already exist
2019-08-12 14:37:26,069  [PID 5544]  create_dir_and_files  [INFO]  created random files G:\_work\_program\_home_work\loading_random_files_to_ftp/temp_folder/563a4b8e-aaaa-409d-b79a-42f4186f937b.to
2019-08-12 14:37:26,073  [PID 5544]  create_dir_and_files  [INFO]  created random files G:\_work\_program\_home_work\loading_random_files_to_ftp/temp_folder/563a4b8e-aaaa-409d-b79a-42f4186f937b.t01
2019-08-12 14:37:26,078  [PID 5544]  create_dir_and_files  [INFO]  created random files G:\_work\_program\_home_work\loading_random_files_to_ftp/temp_folder/563a4b8e-aaaa-409d-b79a-42f4186f937b.t02
2019-08-12 14:37:26,082  [PID 5544]  create_dir_and_files  [INFO]  created random files G:\_work\_program\_home_work\loading_random_files_to_ftp/temp_folder/563a4b8e-aaaa-409d-b79a-42f4186f937b.t03
2019-08-12 14:37:26,087  [PID 5544]  create_dir_and_files  [INFO]  created random files G:\_work\_program\_home_work\loading_random_files_to_ftp/temp_folder/563a4b8e-aaaa-409d-b79a-42f4186f937b.t04
2019-08-12 14:37:26,092  [PID 5544]  create_dir_and_files  [INFO]  created random files G:\_work\_program\_home_work\loading_random_files_to_ftp/temp_folder/563a4b8e-aaaa-409d-b79a-42f4186f937b.t05
2019-08-12 14:37:26,096  [PID 5544]  create_dir_and_files  [INFO]  created random files G:\_work\_program\_home_work\loading_random_files_to_ftp/temp_folder/563a4b8e-aaaa-409d-b79a-42f4186f937b.t06
2019-08-12 14:37:26,101  [PID 5544]  create_dir_and_files  [INFO]  created random files G:\_work\_program\_home_work\loading_random_files_to_ftp/temp_folder/563a4b8e-aaaa-409d-b79a-42f4186f937b.t07
2019-08-12 14:37:26,105  [PID 5544]  create_dir_and_files  [INFO]  created random files G:\_work\_program\_home_work\loading_random_files_to_ftp/temp_folder/563a4b8e-aaaa-409d-b79a-42f4186f937b.t08
2019-08-12 14:37:26,110  [PID 5544]  create_dir_and_files  [INFO]  created random files G:\_work\_program\_home_work\loading_random_files_to_ftp/temp_folder/563a4b8e-aaaa-409d-b79a-42f4186f937b.t09
2019-08-12 14:37:26,115  [PID 5544]  create_dir_and_files  [INFO]  created random files G:\_work\_program\_home_work\loading_random_files_to_ftp/temp_folder/563a4b8e-aaaa-409d-b79a-42f4186f937b.t0A
2019-08-12 14:37:26,119  [PID 5544]  create_dir_and_files  [INFO]  created random files G:\_work\_program\_home_work\loading_random_files_to_ftp/temp_folder/563a4b8e-aaaa-409d-b79a-42f4186f937b.t0B
2019-08-12 14:37:26,125  [PID 5544]  create_dir_and_files  [INFO]  created random files G:\_work\_program\_home_work\loading_random_files_to_ftp/temp_folder/563a4b8e-aaaa-409d-b79a-42f4186f937b.t0C
2019-08-12 14:37:26,129  [PID 5544]  create_dir_and_files  [INFO]  created random files G:\_work\_program\_home_work\loading_random_files_to_ftp/temp_folder/563a4b8e-aaaa-409d-b79a-42f4186f937b.t0D
2019-08-12 14:37:26,134  [PID 5544]  create_dir_and_files  [INFO]  created random files G:\_work\_program\_home_work\loading_random_files_to_ftp/temp_folder/563a4b8e-aaaa-409d-b79a-42f4186f937b.t0E
2019-08-12 14:37:26,138  [PID 5544]  create_dir_and_files  [INFO]  created random files G:\_work\_program\_home_work\loading_random_files_to_ftp/temp_folder/563a4b8e-aaaa-409d-b79a-42f4186f937b.t0F
2019-08-12 14:37:26,139  [PID 5544]  create_dir_and_files  [INFO]  generate random file name 465be95a-e138-48e9-9e0a-71fbdd2f3afc
2019-08-12 14:37:26,139  [PID 5544]  create_dir_and_files  [INFO]  directory temp_folder already exist
2019-08-12 14:37:26,144  [PID 5544]  create_dir_and_files  [INFO]  created random files G:\_work\_program\_home_work\loading_random_files_to_ftp/temp_folder/465be95a-e138-48e9-9e0a-71fbdd2f3afc.do
2019-08-12 14:37:26,148  [PID 5544]  create_dir_and_files  [INFO]  created random files G:\_work\_program\_home_work\loading_random_files_to_ftp/temp_folder/465be95a-e138-48e9-9e0a-71fbdd2f3afc.d01
2019-08-12 14:37:26,154  [PID 5544]  create_dir_and_files  [INFO]  created random files G:\_work\_program\_home_work\loading_random_files_to_ftp/temp_folder/465be95a-e138-48e9-9e0a-71fbdd2f3afc.d02
2019-08-12 14:37:26,159  [PID 5544]  create_dir_and_files  [INFO]  created random files G:\_work\_program\_home_work\loading_random_files_to_ftp/temp_folder/465be95a-e138-48e9-9e0a-71fbdd2f3afc.d03
2019-08-12 14:37:26,163  [PID 5544]  create_dir_and_files  [INFO]  created random files G:\_work\_program\_home_work\loading_random_files_to_ftp/temp_folder/465be95a-e138-48e9-9e0a-71fbdd2f3afc.d04
2019-08-12 14:37:26,168  [PID 5544]  create_dir_and_files  [INFO]  created random files G:\_work\_program\_home_work\loading_random_files_to_ftp/temp_folder/465be95a-e138-48e9-9e0a-71fbdd2f3afc.d05
2019-08-12 14:37:26,172  [PID 5544]  create_dir_and_files  [INFO]  created random files G:\_work\_program\_home_work\loading_random_files_to_ftp/temp_folder/465be95a-e138-48e9-9e0a-71fbdd2f3afc.d06
2019-08-12 14:37:26,177  [PID 5544]  create_dir_and_files  [INFO]  created random files G:\_work\_program\_home_work\loading_random_files_to_ftp/temp_folder/465be95a-e138-48e9-9e0a-71fbdd2f3afc.d07
2019-08-12 14:37:26,184  [PID 5544]  create_dir_and_files  [INFO]  created random files G:\_work\_program\_home_work\loading_random_files_to_ftp/temp_folder/465be95a-e138-48e9-9e0a-71fbdd2f3afc.d08
2019-08-12 14:37:26,189  [PID 5544]  create_dir_and_files  [INFO]  created random files G:\_work\_program\_home_work\loading_random_files_to_ftp/temp_folder/465be95a-e138-48e9-9e0a-71fbdd2f3afc.d09
2019-08-12 14:37:26,194  [PID 5544]  create_dir_and_files  [INFO]  created random files G:\_work\_program\_home_work\loading_random_files_to_ftp/temp_folder/465be95a-e138-48e9-9e0a-71fbdd2f3afc.d0A
2019-08-12 14:37:26,199  [PID 5544]  create_dir_and_files  [INFO]  created random files G:\_work\_program\_home_work\loading_random_files_to_ftp/temp_folder/465be95a-e138-48e9-9e0a-71fbdd2f3afc.d0B
2019-08-12 14:37:26,204  [PID 5544]  create_dir_and_files  [INFO]  created random files G:\_work\_program\_home_work\loading_random_files_to_ftp/temp_folder/465be95a-e138-48e9-9e0a-71fbdd2f3afc.d0C
2019-08-12 14:37:26,209  [PID 5544]  create_dir_and_files  [INFO]  created random files G:\_work\_program\_home_work\loading_random_files_to_ftp/temp_folder/465be95a-e138-48e9-9e0a-71fbdd2f3afc.d0D
2019-08-12 14:37:26,214  [PID 5544]  create_dir_and_files  [INFO]  created random files G:\_work\_program\_home_work\loading_random_files_to_ftp/temp_folder/465be95a-e138-48e9-9e0a-71fbdd2f3afc.d0E
2019-08-12 14:37:26,219  [PID 5544]  create_dir_and_files  [INFO]  created random files G:\_work\_program\_home_work\loading_random_files_to_ftp/temp_folder/465be95a-e138-48e9-9e0a-71fbdd2f3afc.d0F
2019-08-12 14:37:26,219  [PID 5544]  create_dir_and_files  [INFO]  generate random file name 77fc1f34-50fa-45c6-8e98-f27c869bd1fa
2019-08-12 14:37:26,219  [PID 5544]  create_dir_and_files  [INFO]  directory temp_folder already exist
2019-08-12 14:37:26,223  [PID 5544]  create_dir_and_files  [INFO]  created random files G:\_work\_program\_home_work\loading_random_files_to_ftp/temp_folder/77fc1f34-50fa-45c6-8e98-f27c869bd1fa.zip
2019-08-12 14:37:26,223  [PID 5544]  create_dir_and_files  [INFO]  generate random file name 128d3224-2c61-4ada-a6b6-426d6f70ff9a
2019-08-12 14:37:26,224  [PID 5544]  create_dir_and_files  [INFO]  directory temp_folder already exist
2019-08-12 14:37:26,229  [PID 5544]  create_dir_and_files  [INFO]  created random files G:\_work\_program\_home_work\loading_random_files_to_ftp/temp_folder/128d3224-2c61-4ada-a6b6-426d6f70ff9a.os1.zip
2019-08-12 14:37:26,233  [PID 5544]  create_dir_and_files  [INFO]  created random files G:\_work\_program\_home_work\loading_random_files_to_ftp/temp_folder/128d3224-2c61-4ada-a6b6-426d6f70ff9a.os2.zip
2019-08-12 14:37:26,234  [PID 5544]  load_to_ftp_random_files_new  [INFO]  received from config file - ftp_host, ip_addr, port, user_name, password
2019-08-12 14:37:26,234  [PID 5544]  create_dir_and_files  [INFO]  generate random file name 4329ecad-0d77-4673-8340-c15d2053efce
2019-08-12 14:37:26,234  [PID 5544]  create_dir_and_files  [INFO]  directory temp_folder already exist
2019-08-12 14:37:26,239  [PID 5544]  create_dir_and_files  [INFO]  created random files G:\_work\_program\_home_work\loading_random_files_to_ftp/temp_folder/4329ecad-0d77-4673-8340-c15d2053efce.to
2019-08-12 14:37:26,244  [PID 5544]  create_dir_and_files  [INFO]  created random files G:\_work\_program\_home_work\loading_random_files_to_ftp/temp_folder/4329ecad-0d77-4673-8340-c15d2053efce.t01
2019-08-12 14:37:26,249  [PID 5544]  create_dir_and_files  [INFO]  created random files G:\_work\_program\_home_work\loading_random_files_to_ftp/temp_folder/4329ecad-0d77-4673-8340-c15d2053efce.t02
2019-08-12 14:37:26,254  [PID 5544]  create_dir_and_files  [INFO]  created random files G:\_work\_program\_home_work\loading_random_files_to_ftp/temp_folder/4329ecad-0d77-4673-8340-c15d2053efce.t03
2019-08-12 14:37:26,258  [PID 5544]  create_dir_and_files  [INFO]  created random files G:\_work\_program\_home_work\loading_random_files_to_ftp/temp_folder/4329ecad-0d77-4673-8340-c15d2053efce.t04
2019-08-12 14:37:26,263  [PID 5544]  create_dir_and_files  [INFO]  created random files G:\_work\_program\_home_work\loading_random_files_to_ftp/temp_folder/4329ecad-0d77-4673-8340-c15d2053efce.t05
2019-08-12 14:37:26,268  [PID 5544]  create_dir_and_files  [INFO]  created random files G:\_work\_program\_home_work\loading_random_files_to_ftp/temp_folder/4329ecad-0d77-4673-8340-c15d2053efce.t06
2019-08-12 14:37:26,272  [PID 5544]  create_dir_and_files  [INFO]  created random files G:\_work\_program\_home_work\loading_random_files_to_ftp/temp_folder/4329ecad-0d77-4673-8340-c15d2053efce.t07
2019-08-12 14:37:26,277  [PID 5544]  create_dir_and_files  [INFO]  created random files G:\_work\_program\_home_work\loading_random_files_to_ftp/temp_folder/4329ecad-0d77-4673-8340-c15d2053efce.t08
2019-08-12 14:37:26,282  [PID 5544]  create_dir_and_files  [INFO]  created random files G:\_work\_program\_home_work\loading_random_files_to_ftp/temp_folder/4329ecad-0d77-4673-8340-c15d2053efce.t09
2019-08-12 14:37:26,287  [PID 5544]  create_dir_and_files  [INFO]  created random files G:\_work\_program\_home_work\loading_random_files_to_ftp/temp_folder/4329ecad-0d77-4673-8340-c15d2053efce.t0A
2019-08-12 14:37:26,291  [PID 5544]  create_dir_and_files  [INFO]  created random files G:\_work\_program\_home_work\loading_random_files_to_ftp/temp_folder/4329ecad-0d77-4673-8340-c15d2053efce.t0B
2019-08-12 14:37:26,296  [PID 5544]  create_dir_and_files  [INFO]  created random files G:\_work\_program\_home_work\loading_random_files_to_ftp/temp_folder/4329ecad-0d77-4673-8340-c15d2053efce.t0C
2019-08-12 14:37:26,301  [PID 5544]  create_dir_and_files  [INFO]  created random files G:\_work\_program\_home_work\loading_random_files_to_ftp/temp_folder/4329ecad-0d77-4673-8340-c15d2053efce.t0D
2019-08-12 14:37:26,305  [PID 5544]  create_dir_and_files  [INFO]  created random files G:\_work\_program\_home_work\loading_random_files_to_ftp/temp_folder/4329ecad-0d77-4673-8340-c15d2053efce.t0E
2019-08-12 14:37:26,310  [PID 5544]  create_dir_and_files  [INFO]  created random files G:\_work\_program\_home_work\loading_random_files_to_ftp/temp_folder/4329ecad-0d77-4673-8340-c15d2053efce.t0F
2019-08-12 14:37:26,310  [PID 5544]  create_dir_and_files  [INFO]  generate random file name e2edf605-e92d-4703-886a-fb1842914e96
2019-08-12 14:37:26,310  [PID 5544]  create_dir_and_files  [INFO]  directory temp_folder already exist
2019-08-12 14:37:26,314  [PID 5544]  create_dir_and_files  [INFO]  created random files G:\_work\_program\_home_work\loading_random_files_to_ftp/temp_folder/e2edf605-e92d-4703-886a-fb1842914e96.do
2019-08-12 14:37:26,318  [PID 5544]  create_dir_and_files  [INFO]  created random files G:\_work\_program\_home_work\loading_random_files_to_ftp/temp_folder/e2edf605-e92d-4703-886a-fb1842914e96.d01
2019-08-12 14:37:26,322  [PID 5544]  create_dir_and_files  [INFO]  created random files G:\_work\_program\_home_work\loading_random_files_to_ftp/temp_folder/e2edf605-e92d-4703-886a-fb1842914e96.d02
2019-08-12 14:37:26,327  [PID 5544]  create_dir_and_files  [INFO]  created random files G:\_work\_program\_home_work\loading_random_files_to_ftp/temp_folder/e2edf605-e92d-4703-886a-fb1842914e96.d03
2019-08-12 14:37:26,333  [PID 5544]  create_dir_and_files  [INFO]  created random files G:\_work\_program\_home_work\loading_random_files_to_ftp/temp_folder/e2edf605-e92d-4703-886a-fb1842914e96.d04
2019-08-12 14:37:26,338  [PID 5544]  create_dir_and_files  [INFO]  created random files G:\_work\_program\_home_work\loading_random_files_to_ftp/temp_folder/e2edf605-e92d-4703-886a-fb1842914e96.d05
2019-08-12 14:37:26,343  [PID 5544]  create_dir_and_files  [INFO]  created random files G:\_work\_program\_home_work\loading_random_files_to_ftp/temp_folder/e2edf605-e92d-4703-886a-fb1842914e96.d06
2019-08-12 14:37:26,348  [PID 5544]  create_dir_and_files  [INFO]  created random files G:\_work\_program\_home_work\loading_random_files_to_ftp/temp_folder/e2edf605-e92d-4703-886a-fb1842914e96.d07
2019-08-12 14:37:26,352  [PID 5544]  create_dir_and_files  [INFO]  created random files G:\_work\_program\_home_work\loading_random_files_to_ftp/temp_folder/e2edf605-e92d-4703-886a-fb1842914e96.d08
2019-08-12 14:37:26,357  [PID 5544]  create_dir_and_files  [INFO]  created random files G:\_work\_program\_home_work\loading_random_files_to_ftp/temp_folder/e2edf605-e92d-4703-886a-fb1842914e96.d09
2019-08-12 14:37:26,362  [PID 5544]  create_dir_and_files  [INFO]  created random files G:\_work\_program\_home_work\loading_random_files_to_ftp/temp_folder/e2edf605-e92d-4703-886a-fb1842914e96.d0A
2019-08-12 14:37:26,367  [PID 5544]  create_dir_and_files  [INFO]  created random files G:\_work\_program\_home_work\loading_random_files_to_ftp/temp_folder/e2edf605-e92d-4703-886a-fb1842914e96.d0B
2019-08-12 14:37:26,371  [PID 5544]  create_dir_and_files  [INFO]  created random files G:\_work\_program\_home_work\loading_random_files_to_ftp/temp_folder/e2edf605-e92d-4703-886a-fb1842914e96.d0C
2019-08-12 14:37:26,375  [PID 5544]  create_dir_and_files  [INFO]  created random files G:\_work\_program\_home_work\loading_random_files_to_ftp/temp_folder/e2edf605-e92d-4703-886a-fb1842914e96.d0D
2019-08-12 14:37:26,381  [PID 5544]  create_dir_and_files  [INFO]  created random files G:\_work\_program\_home_work\loading_random_files_to_ftp/temp_folder/e2edf605-e92d-4703-886a-fb1842914e96.d0E
2019-08-12 14:37:26,386  [PID 5544]  create_dir_and_files  [INFO]  created random files G:\_work\_program\_home_work\loading_random_files_to_ftp/temp_folder/e2edf605-e92d-4703-886a-fb1842914e96.d0F
2019-08-12 14:37:26,386  [PID 5544]  create_dir_and_files  [INFO]  generate random file name d5b738a2-71f2-4300-9a5a-87177e9578d5
2019-08-12 14:37:26,386  [PID 5544]  create_dir_and_files  [INFO]  directory temp_folder already exist
2019-08-12 14:37:26,391  [PID 5544]  create_dir_and_files  [INFO]  created random files G:\_work\_program\_home_work\loading_random_files_to_ftp/temp_folder/d5b738a2-71f2-4300-9a5a-87177e9578d5.zip
2019-08-12 14:37:26,391  [PID 5544]  create_dir_and_files  [INFO]  generate random file name 0b26b723-ef0b-458a-b7b6-2bbade99932a
2019-08-12 14:37:26,392  [PID 5544]  create_dir_and_files  [INFO]  directory temp_folder already exist
2019-08-12 14:37:26,396  [PID 5544]  create_dir_and_files  [INFO]  created random files G:\_work\_program\_home_work\loading_random_files_to_ftp/temp_folder/0b26b723-ef0b-458a-b7b6-2bbade99932a.os1.zip
2019-08-12 14:37:26,401  [PID 5544]  create_dir_and_files  [INFO]  created random files G:\_work\_program\_home_work\loading_random_files_to_ftp/temp_folder/0b26b723-ef0b-458a-b7b6-2bbade99932a.os2.zip
2019-08-12 14:37:26,401  [PID 5544]  load_to_ftp_random_files_new  [INFO]  received from config file - ftp_host, ip_addr, port, user_name, password
2019-08-12 14:37:26,401  [PID 5544]  create_dir_and_files  [INFO]  generate random file name 2108edde-d3d0-4465-a54a-5181b98e1d85
2019-08-12 14:37:26,401  [PID 5544]  create_dir_and_files  [INFO]  directory temp_folder already exist
2019-08-12 14:37:26,406  [PID 5544]  create_dir_and_files  [INFO]  created random files G:\_work\_program\_home_work\loading_random_files_to_ftp/temp_folder/2108edde-d3d0-4465-a54a-5181b98e1d85.to
2019-08-12 14:37:26,411  [PID 5544]  create_dir_and_files  [INFO]  created random files G:\_work\_program\_home_work\loading_random_files_to_ftp/temp_folder/2108edde-d3d0-4465-a54a-5181b98e1d85.t01
2019-08-12 14:37:26,416  [PID 5544]  create_dir_and_files  [INFO]  created random files G:\_work\_program\_home_work\loading_random_files_to_ftp/temp_folder/2108edde-d3d0-4465-a54a-5181b98e1d85.t02
2019-08-12 14:37:26,420  [PID 5544]  create_dir_and_files  [INFO]  created random files G:\_work\_program\_home_work\loading_random_files_to_ftp/temp_folder/2108edde-d3d0-4465-a54a-5181b98e1d85.t03
2019-08-12 14:37:26,425  [PID 5544]  create_dir_and_files  [INFO]  created random files G:\_work\_program\_home_work\loading_random_files_to_ftp/temp_folder/2108edde-d3d0-4465-a54a-5181b98e1d85.t04
2019-08-12 14:37:26,430  [PID 5544]  create_dir_and_files  [INFO]  created random files G:\_work\_program\_home_work\loading_random_files_to_ftp/temp_folder/2108edde-d3d0-4465-a54a-5181b98e1d85.t05
2019-08-12 14:37:26,434  [PID 5544]  create_dir_and_files  [INFO]  created random files G:\_work\_program\_home_work\loading_random_files_to_ftp/temp_folder/2108edde-d3d0-4465-a54a-5181b98e1d85.t06
2019-08-12 14:37:26,439  [PID 5544]  create_dir_and_files  [INFO]  created random files G:\_work\_program\_home_work\loading_random_files_to_ftp/temp_folder/2108edde-d3d0-4465-a54a-5181b98e1d85.t07
2019-08-12 14:37:26,444  [PID 5544]  create_dir_and_files  [INFO]  created random files G:\_work\_program\_home_work\loading_random_files_to_ftp/temp_folder/2108edde-d3d0-4465-a54a-5181b98e1d85.t08
2019-08-12 14:37:26,449  [PID 5544]  create_dir_and_files  [INFO]  created random files G:\_work\_program\_home_work\loading_random_files_to_ftp/temp_folder/2108edde-d3d0-4465-a54a-5181b98e1d85.t09
2019-08-12 14:37:26,453  [PID 5544]  create_dir_and_files  [INFO]  created random files G:\_work\_program\_home_work\loading_random_files_to_ftp/temp_folder/2108edde-d3d0-4465-a54a-5181b98e1d85.t0A
2019-08-12 14:37:26,458  [PID 5544]  create_dir_and_files  [INFO]  created random files G:\_work\_program\_home_work\loading_random_files_to_ftp/temp_folder/2108edde-d3d0-4465-a54a-5181b98e1d85.t0B
2019-08-12 14:37:26,463  [PID 5544]  create_dir_and_files  [INFO]  created random files G:\_work\_program\_home_work\loading_random_files_to_ftp/temp_folder/2108edde-d3d0-4465-a54a-5181b98e1d85.t0C
2019-08-12 14:37:26,467  [PID 5544]  create_dir_and_files  [INFO]  created random files G:\_work\_program\_home_work\loading_random_files_to_ftp/temp_folder/2108edde-d3d0-4465-a54a-5181b98e1d85.t0D
2019-08-12 14:37:26,472  [PID 5544]  create_dir_and_files  [INFO]  created random files G:\_work\_program\_home_work\loading_random_files_to_ftp/temp_folder/2108edde-d3d0-4465-a54a-5181b98e1d85.t0E
2019-08-12 14:37:26,476  [PID 5544]  create_dir_and_files  [INFO]  created random files G:\_work\_program\_home_work\loading_random_files_to_ftp/temp_folder/2108edde-d3d0-4465-a54a-5181b98e1d85.t0F
2019-08-12 14:37:26,476  [PID 5544]  create_dir_and_files  [INFO]  generate random file name 8ae6bd5c-4f35-49e8-840d-49eb9968f58a
2019-08-12 14:37:26,476  [PID 5544]  create_dir_and_files  [INFO]  directory temp_folder already exist
2019-08-12 14:37:26,481  [PID 5544]  create_dir_and_files  [INFO]  created random files G:\_work\_program\_home_work\loading_random_files_to_ftp/temp_folder/8ae6bd5c-4f35-49e8-840d-49eb9968f58a.do
2019-08-12 14:37:26,485  [PID 5544]  create_dir_and_files  [INFO]  created random files G:\_work\_program\_home_work\loading_random_files_to_ftp/temp_folder/8ae6bd5c-4f35-49e8-840d-49eb9968f58a.d01
2019-08-12 14:37:26,490  [PID 5544]  create_dir_and_files  [INFO]  created random files G:\_work\_program\_home_work\loading_random_files_to_ftp/temp_folder/8ae6bd5c-4f35-49e8-840d-49eb9968f58a.d02
2019-08-12 14:37:26,495  [PID 5544]  create_dir_and_files  [INFO]  created random files G:\_work\_program\_home_work\loading_random_files_to_ftp/temp_folder/8ae6bd5c-4f35-49e8-840d-49eb9968f58a.d03
2019-08-12 14:37:26,499  [PID 5544]  create_dir_and_files  [INFO]  created random files G:\_work\_program\_home_work\loading_random_files_to_ftp/temp_folder/8ae6bd5c-4f35-49e8-840d-49eb9968f58a.d04
2019-08-12 14:37:26,503  [PID 5544]  create_dir_and_files  [INFO]  created random files G:\_work\_program\_home_work\loading_random_files_to_ftp/temp_folder/8ae6bd5c-4f35-49e8-840d-49eb9968f58a.d05
2019-08-12 14:37:26,508  [PID 5544]  create_dir_and_files  [INFO]  created random files G:\_work\_program\_home_work\loading_random_files_to_ftp/temp_folder/8ae6bd5c-4f35-49e8-840d-49eb9968f58a.d06
2019-08-12 14:37:26,513  [PID 5544]  create_dir_and_files  [INFO]  created random files G:\_work\_program\_home_work\loading_random_files_to_ftp/temp_folder/8ae6bd5c-4f35-49e8-840d-49eb9968f58a.d07
2019-08-12 14:37:26,518  [PID 5544]  create_dir_and_files  [INFO]  created random files G:\_work\_program\_home_work\loading_random_files_to_ftp/temp_folder/8ae6bd5c-4f35-49e8-840d-49eb9968f58a.d08
2019-08-12 14:37:26,523  [PID 5544]  create_dir_and_files  [INFO]  created random files G:\_work\_program\_home_work\loading_random_files_to_ftp/temp_folder/8ae6bd5c-4f35-49e8-840d-49eb9968f58a.d09
2019-08-12 14:37:26,528  [PID 5544]  create_dir_and_files  [INFO]  created random files G:\_work\_program\_home_work\loading_random_files_to_ftp/temp_folder/8ae6bd5c-4f35-49e8-840d-49eb9968f58a.d0A
2019-08-12 14:37:26,532  [PID 5544]  create_dir_and_files  [INFO]  created random files G:\_work\_program\_home_work\loading_random_files_to_ftp/temp_folder/8ae6bd5c-4f35-49e8-840d-49eb9968f58a.d0B
2019-08-12 14:37:26,537  [PID 5544]  create_dir_and_files  [INFO]  created random files G:\_work\_program\_home_work\loading_random_files_to_ftp/temp_folder/8ae6bd5c-4f35-49e8-840d-49eb9968f58a.d0C
2019-08-12 14:37:26,542  [PID 5544]  create_dir_and_files  [INFO]  created random files G:\_work\_program\_home_work\loading_random_files_to_ftp/temp_folder/8ae6bd5c-4f35-49e8-840d-49eb9968f58a.d0D
2019-08-12 14:37:26,547  [PID 5544]  create_dir_and_files  [INFO]  created random files G:\_work\_program\_home_work\loading_random_files_to_ftp/temp_folder/8ae6bd5c-4f35-49e8-840d-49eb9968f58a.d0E
2019-08-12 14:37:26,551  [PID 5544]  create_dir_and_files  [INFO]  created random files G:\_work\_program\_home_work\loading_random_files_to_ftp/temp_folder/8ae6bd5c-4f35-49e8-840d-49eb9968f58a.d0F
2019-08-12 14:37:26,551  [PID 5544]  create_dir_and_files  [INFO]  generate random file name 08e8b8b0-9853-4b81-bee6-bfec09d9ed34
2019-08-12 14:37:26,551  [PID 5544]  create_dir_and_files  [INFO]  directory temp_folder already exist
2019-08-12 14:37:26,556  [PID 5544]  create_dir_and_files  [INFO]  created random files G:\_work\_program\_home_work\loading_random_files_to_ftp/temp_folder/08e8b8b0-9853-4b81-bee6-bfec09d9ed34.zip
2019-08-12 14:37:26,557  [PID 5544]  create_dir_and_files  [INFO]  generate random file name fc47089b-b2cd-44dd-a8a9-3b92462062bd
2019-08-12 14:37:26,557  [PID 5544]  create_dir_and_files  [INFO]  directory temp_folder already exist
2019-08-12 14:37:26,562  [PID 5544]  create_dir_and_files  [INFO]  created random files G:\_work\_program\_home_work\loading_random_files_to_ftp/temp_folder/fc47089b-b2cd-44dd-a8a9-3b92462062bd.os1.zip
2019-08-12 14:37:26,567  [PID 5544]  create_dir_and_files  [INFO]  created random files G:\_work\_program\_home_work\loading_random_files_to_ftp/temp_folder/fc47089b-b2cd-44dd-a8a9-3b92462062bd.os2.zip
2019-08-12 14:37:26,567  [PID 5544]  load_to_ftp_random_files_new  [INFO]  received from config file - ftp_host, ip_addr, port, user_name, password
2019-08-12 14:37:26,567  [PID 5544]  create_dir_and_files  [INFO]  generate random file name 1ab6f252-aaa9-477f-b49e-10fe4b96bf25
2019-08-12 14:37:26,567  [PID 5544]  create_dir_and_files  [INFO]  directory temp_folder already exist
2019-08-12 14:37:26,572  [PID 5544]  create_dir_and_files  [INFO]  created random files G:\_work\_program\_home_work\loading_random_files_to_ftp/temp_folder/1ab6f252-aaa9-477f-b49e-10fe4b96bf25.to
2019-08-12 14:37:26,577  [PID 5544]  create_dir_and_files  [INFO]  created random files G:\_work\_program\_home_work\loading_random_files_to_ftp/temp_folder/1ab6f252-aaa9-477f-b49e-10fe4b96bf25.t01
2019-08-12 14:37:26,582  [PID 5544]  create_dir_and_files  [INFO]  created random files G:\_work\_program\_home_work\loading_random_files_to_ftp/temp_folder/1ab6f252-aaa9-477f-b49e-10fe4b96bf25.t02
2019-08-12 14:37:26,587  [PID 5544]  create_dir_and_files  [INFO]  created random files G:\_work\_program\_home_work\loading_random_files_to_ftp/temp_folder/1ab6f252-aaa9-477f-b49e-10fe4b96bf25.t03
2019-08-12 14:37:26,592  [PID 5544]  create_dir_and_files  [INFO]  created random files G:\_work\_program\_home_work\loading_random_files_to_ftp/temp_folder/1ab6f252-aaa9-477f-b49e-10fe4b96bf25.t04
2019-08-12 14:37:26,598  [PID 5544]  create_dir_and_files  [INFO]  created random files G:\_work\_program\_home_work\loading_random_files_to_ftp/temp_folder/1ab6f252-aaa9-477f-b49e-10fe4b96bf25.t05
2019-08-12 14:37:26,603  [PID 5544]  create_dir_and_files  [INFO]  created random files G:\_work\_program\_home_work\loading_random_files_to_ftp/temp_folder/1ab6f252-aaa9-477f-b49e-10fe4b96bf25.t06
2019-08-12 14:37:26,608  [PID 5544]  create_dir_and_files  [INFO]  created random files G:\_work\_program\_home_work\loading_random_files_to_ftp/temp_folder/1ab6f252-aaa9-477f-b49e-10fe4b96bf25.t07
2019-08-12 14:37:26,613  [PID 5544]  create_dir_and_files  [INFO]  created random files G:\_work\_program\_home_work\loading_random_files_to_ftp/temp_folder/1ab6f252-aaa9-477f-b49e-10fe4b96bf25.t08
2019-08-12 14:37:26,618  [PID 5544]  create_dir_and_files  [INFO]  created random files G:\_work\_program\_home_work\loading_random_files_to_ftp/temp_folder/1ab6f252-aaa9-477f-b49e-10fe4b96bf25.t09
2019-08-12 14:37:26,622  [PID 5544]  create_dir_and_files  [INFO]  created random files G:\_work\_program\_home_work\loading_random_files_to_ftp/temp_folder/1ab6f252-aaa9-477f-b49e-10fe4b96bf25.t0A
2019-08-12 14:37:26,627  [PID 5544]  create_dir_and_files  [INFO]  created random files G:\_work\_program\_home_work\loading_random_files_to_ftp/temp_folder/1ab6f252-aaa9-477f-b49e-10fe4b96bf25.t0B
2019-08-12 14:37:26,632  [PID 5544]  create_dir_and_files  [INFO]  created random files G:\_work\_program\_home_work\loading_random_files_to_ftp/temp_folder/1ab6f252-aaa9-477f-b49e-10fe4b96bf25.t0C
2019-08-12 14:37:26,637  [PID 5544]  create_dir_and_files  [INFO]  created random files G:\_work\_program\_home_work\loading_random_files_to_ftp/temp_folder/1ab6f252-aaa9-477f-b49e-10fe4b96bf25.t0D
2019-08-12 14:37:26,654  [PID 5544]  create_dir_and_files  [INFO]  created random files G:\_work\_program\_home_work\loading_random_files_to_ftp/temp_folder/1ab6f252-aaa9-477f-b49e-10fe4b96bf25.t0E
2019-08-12 14:37:26,660  [PID 5544]  create_dir_and_files  [INFO]  created random files G:\_work\_program\_home_work\loading_random_files_to_ftp/temp_folder/1ab6f252-aaa9-477f-b49e-10fe4b96bf25.t0F
2019-08-12 14:37:26,660  [PID 5544]  create_dir_and_files  [INFO]  generate random file name fedcd19d-0b18-49b4-bc8b-7366af2126ee
2019-08-12 14:37:26,660  [PID 5544]  create_dir_and_files  [INFO]  directory temp_folder already exist
2019-08-12 14:37:26,665  [PID 5544]  create_dir_and_files  [INFO]  created random files G:\_work\_program\_home_work\loading_random_files_to_ftp/temp_folder/fedcd19d-0b18-49b4-bc8b-7366af2126ee.do
2019-08-12 14:37:26,670  [PID 5544]  create_dir_and_files  [INFO]  created random files G:\_work\_program\_home_work\loading_random_files_to_ftp/temp_folder/fedcd19d-0b18-49b4-bc8b-7366af2126ee.d01
2019-08-12 14:37:26,674  [PID 5544]  create_dir_and_files  [INFO]  created random files G:\_work\_program\_home_work\loading_random_files_to_ftp/temp_folder/fedcd19d-0b18-49b4-bc8b-7366af2126ee.d02
2019-08-12 14:37:26,679  [PID 5544]  create_dir_and_files  [INFO]  created random files G:\_work\_program\_home_work\loading_random_files_to_ftp/temp_folder/fedcd19d-0b18-49b4-bc8b-7366af2126ee.d03
2019-08-12 14:37:26,684  [PID 5544]  create_dir_and_files  [INFO]  created random files G:\_work\_program\_home_work\loading_random_files_to_ftp/temp_folder/fedcd19d-0b18-49b4-bc8b-7366af2126ee.d04
2019-08-12 14:37:26,688  [PID 5544]  create_dir_and_files  [INFO]  created random files G:\_work\_program\_home_work\loading_random_files_to_ftp/temp_folder/fedcd19d-0b18-49b4-bc8b-7366af2126ee.d05
2019-08-12 14:37:26,693  [PID 5544]  create_dir_and_files  [INFO]  created random files G:\_work\_program\_home_work\loading_random_files_to_ftp/temp_folder/fedcd19d-0b18-49b4-bc8b-7366af2126ee.d06
2019-08-12 14:37:26,698  [PID 5544]  create_dir_and_files  [INFO]  created random files G:\_work\_program\_home_work\loading_random_files_to_ftp/temp_folder/fedcd19d-0b18-49b4-bc8b-7366af2126ee.d07
2019-08-12 14:37:26,703  [PID 5544]  create_dir_and_files  [INFO]  created random files G:\_work\_program\_home_work\loading_random_files_to_ftp/temp_folder/fedcd19d-0b18-49b4-bc8b-7366af2126ee.d08
2019-08-12 14:37:26,708  [PID 5544]  create_dir_and_files  [INFO]  created random files G:\_work\_program\_home_work\loading_random_files_to_ftp/temp_folder/fedcd19d-0b18-49b4-bc8b-7366af2126ee.d09
2019-08-12 14:37:26,713  [PID 5544]  create_dir_and_files  [INFO]  created random files G:\_work\_program\_home_work\loading_random_files_to_ftp/temp_folder/fedcd19d-0b18-49b4-bc8b-7366af2126ee.d0A
2019-08-12 14:37:26,717  [PID 5544]  create_dir_and_files  [INFO]  created random files G:\_work\_program\_home_work\loading_random_files_to_ftp/temp_folder/fedcd19d-0b18-49b4-bc8b-7366af2126ee.d0B
2019-08-12 14:37:26,722  [PID 5544]  create_dir_and_files  [INFO]  created random files G:\_work\_program\_home_work\loading_random_files_to_ftp/temp_folder/fedcd19d-0b18-49b4-bc8b-7366af2126ee.d0C
2019-08-12 14:37:26,727  [PID 5544]  create_dir_and_files  [INFO]  created random files G:\_work\_program\_home_work\loading_random_files_to_ftp/temp_folder/fedcd19d-0b18-49b4-bc8b-7366af2126ee.d0D
2019-08-12 14:37:26,733  [PID 5544]  create_dir_and_files  [INFO]  created random files G:\_work\_program\_home_work\loading_random_files_to_ftp/temp_folder/fedcd19d-0b18-49b4-bc8b-7366af2126ee.d0E
2019-08-12 14:37:26,737  [PID 5544]  create_dir_and_files  [INFO]  created random files G:\_work\_program\_home_work\loading_random_files_to_ftp/temp_folder/fedcd19d-0b18-49b4-bc8b-7366af2126ee.d0F
2019-08-12 14:37:26,738  [PID 5544]  create_dir_and_files  [INFO]  generate random file name 1057beb2-ebad-47e4-8542-deb03d07b309
2019-08-12 14:37:26,738  [PID 5544]  create_dir_and_files  [INFO]  directory temp_folder already exist
2019-08-12 14:37:26,743  [PID 5544]  create_dir_and_files  [INFO]  created random files G:\_work\_program\_home_work\loading_random_files_to_ftp/temp_folder/1057beb2-ebad-47e4-8542-deb03d07b309.zip
2019-08-12 14:37:26,743  [PID 5544]  create_dir_and_files  [INFO]  generate random file name 64ce9359-7f88-403f-8ce8-5ac56fda793e
2019-08-12 14:37:26,743  [PID 5544]  create_dir_and_files  [INFO]  directory temp_folder already exist
2019-08-12 14:37:26,748  [PID 5544]  create_dir_and_files  [INFO]  created random files G:\_work\_program\_home_work\loading_random_files_to_ftp/temp_folder/64ce9359-7f88-403f-8ce8-5ac56fda793e.os1.zip
2019-08-12 14:37:26,763  [PID 5544]  create_dir_and_files  [INFO]  created random files G:\_work\_program\_home_work\loading_random_files_to_ftp/temp_folder/64ce9359-7f88-403f-8ce8-5ac56fda793e.os2.zip
2019-08-12 14:37:26,764  [PID 5544]  load_to_ftp_random_files_new  [INFO]  received from config file - ftp_host, ip_addr, port, user_name, password
2019-08-12 14:37:26,765  [PID 5544]  create_dir_and_files  [INFO]  generate random file name ea6eab44-a02b-43e5-bbc2-208fc3f4e7fe
2019-08-12 14:37:26,766  [PID 5544]  create_dir_and_files  [INFO]  directory temp_folder already exist
2019-08-12 14:37:26,791  [PID 5544]  create_dir_and_files  [INFO]  created random files G:\_work\_program\_home_work\loading_random_files_to_ftp/temp_folder/ea6eab44-a02b-43e5-bbc2-208fc3f4e7fe.to
2019-08-12 14:37:26,799  [PID 5544]  create_dir_and_files  [INFO]  created random files G:\_work\_program\_home_work\loading_random_files_to_ftp/temp_folder/ea6eab44-a02b-43e5-bbc2-208fc3f4e7fe.t01
2019-08-12 14:37:26,804  [PID 5544]  create_dir_and_files  [INFO]  created random files G:\_work\_program\_home_work\loading_random_files_to_ftp/temp_folder/ea6eab44-a02b-43e5-bbc2-208fc3f4e7fe.t02
2019-08-12 14:37:26,809  [PID 5544]  create_dir_and_files  [INFO]  created random files G:\_work\_program\_home_work\loading_random_files_to_ftp/temp_folder/ea6eab44-a02b-43e5-bbc2-208fc3f4e7fe.t03
2019-08-12 14:37:26,814  [PID 5544]  create_dir_and_files  [INFO]  created random files G:\_work\_program\_home_work\loading_random_files_to_ftp/temp_folder/ea6eab44-a02b-43e5-bbc2-208fc3f4e7fe.t04
2019-08-12 14:37:26,819  [PID 5544]  create_dir_and_files  [INFO]  created random files G:\_work\_program\_home_work\loading_random_files_to_ftp/temp_folder/ea6eab44-a02b-43e5-bbc2-208fc3f4e7fe.t05
2019-08-12 14:37:26,825  [PID 5544]  create_dir_and_files  [INFO]  created random files G:\_work\_program\_home_work\loading_random_files_to_ftp/temp_folder/ea6eab44-a02b-43e5-bbc2-208fc3f4e7fe.t06
2019-08-12 14:37:26,831  [PID 5544]  create_dir_and_files  [INFO]  created random files G:\_work\_program\_home_work\loading_random_files_to_ftp/temp_folder/ea6eab44-a02b-43e5-bbc2-208fc3f4e7fe.t07
2019-08-12 14:37:26,836  [PID 5544]  create_dir_and_files  [INFO]  created random files G:\_work\_program\_home_work\loading_random_files_to_ftp/temp_folder/ea6eab44-a02b-43e5-bbc2-208fc3f4e7fe.t08
2019-08-12 14:37:26,841  [PID 5544]  create_dir_and_files  [INFO]  created random files G:\_work\_program\_home_work\loading_random_files_to_ftp/temp_folder/ea6eab44-a02b-43e5-bbc2-208fc3f4e7fe.t09
2019-08-12 14:37:26,846  [PID 5544]  create_dir_and_files  [INFO]  created random files G:\_work\_program\_home_work\loading_random_files_to_ftp/temp_folder/ea6eab44-a02b-43e5-bbc2-208fc3f4e7fe.t0A
2019-08-12 14:37:26,851  [PID 5544]  create_dir_and_files  [INFO]  created random files G:\_work\_program\_home_work\loading_random_files_to_ftp/temp_folder/ea6eab44-a02b-43e5-bbc2-208fc3f4e7fe.t0B
2019-08-12 14:37:26,868  [PID 5544]  create_dir_and_files  [INFO]  created random files G:\_work\_program\_home_work\loading_random_files_to_ftp/temp_folder/ea6eab44-a02b-43e5-bbc2-208fc3f4e7fe.t0C
2019-08-12 14:37:26,873  [PID 5544]  create_dir_and_files  [INFO]  created random files G:\_work\_program\_home_work\loading_random_files_to_ftp/temp_folder/ea6eab44-a02b-43e5-bbc2-208fc3f4e7fe.t0D
2019-08-12 14:37:26,878  [PID 5544]  create_dir_and_files  [INFO]  created random files G:\_work\_program\_home_work\loading_random_files_to_ftp/temp_folder/ea6eab44-a02b-43e5-bbc2-208fc3f4e7fe.t0E
2019-08-12 14:37:26,883  [PID 5544]  create_dir_and_files  [INFO]  created random files G:\_work\_program\_home_work\loading_random_files_to_ftp/temp_folder/ea6eab44-a02b-43e5-bbc2-208fc3f4e7fe.t0F
2019-08-12 14:37:26,884  [PID 5544]  create_dir_and_files  [INFO]  generate random file name 5c566545-4e53-4cf2-bf1a-b7bc41a849f8
2019-08-12 14:37:26,884  [PID 5544]  create_dir_and_files  [INFO]  directory temp_folder already exist
2019-08-12 14:37:26,889  [PID 5544]  create_dir_and_files  [INFO]  created random files G:\_work\_program\_home_work\loading_random_files_to_ftp/temp_folder/5c566545-4e53-4cf2-bf1a-b7bc41a849f8.do
2019-08-12 14:37:26,894  [PID 5544]  create_dir_and_files  [INFO]  created random files G:\_work\_program\_home_work\loading_random_files_to_ftp/temp_folder/5c566545-4e53-4cf2-bf1a-b7bc41a849f8.d01
2019-08-12 14:37:26,899  [PID 5544]  create_dir_and_files  [INFO]  created random files G:\_work\_program\_home_work\loading_random_files_to_ftp/temp_folder/5c566545-4e53-4cf2-bf1a-b7bc41a849f8.d02
2019-08-12 14:37:26,904  [PID 5544]  create_dir_and_files  [INFO]  created random files G:\_work\_program\_home_work\loading_random_files_to_ftp/temp_folder/5c566545-4e53-4cf2-bf1a-b7bc41a849f8.d03
2019-08-12 14:37:26,909  [PID 5544]  create_dir_and_files  [INFO]  created random files G:\_work\_program\_home_work\loading_random_files_to_ftp/temp_folder/5c566545-4e53-4cf2-bf1a-b7bc41a849f8.d04
2019-08-12 14:37:26,912  [PID 5544]  create_dir_and_files  [INFO]  created random files G:\_work\_program\_home_work\loading_random_files_to_ftp/temp_folder/5c566545-4e53-4cf2-bf1a-b7bc41a849f8.d05
2019-08-12 14:37:26,918  [PID 5544]  create_dir_and_files  [INFO]  created random files G:\_work\_program\_home_work\loading_random_files_to_ftp/temp_folder/5c566545-4e53-4cf2-bf1a-b7bc41a849f8.d06
2019-08-12 14:37:26,937  [PID 5544]  create_dir_and_files  [INFO]  created random files G:\_work\_program\_home_work\loading_random_files_to_ftp/temp_folder/5c566545-4e53-4cf2-bf1a-b7bc41a849f8.d07
2019-08-12 14:37:26,943  [PID 5544]  create_dir_and_files  [INFO]  created random files G:\_work\_program\_home_work\loading_random_files_to_ftp/temp_folder/5c566545-4e53-4cf2-bf1a-b7bc41a849f8.d08
2019-08-12 14:37:26,948  [PID 5544]  create_dir_and_files  [INFO]  created random files G:\_work\_program\_home_work\loading_random_files_to_ftp/temp_folder/5c566545-4e53-4cf2-bf1a-b7bc41a849f8.d09
2019-08-12 14:37:26,952  [PID 5544]  create_dir_and_files  [INFO]  created random files G:\_work\_program\_home_work\loading_random_files_to_ftp/temp_folder/5c566545-4e53-4cf2-bf1a-b7bc41a849f8.d0A
2019-08-12 14:37:26,957  [PID 5544]  create_dir_and_files  [INFO]  created random files G:\_work\_program\_home_work\loading_random_files_to_ftp/temp_folder/5c566545-4e53-4cf2-bf1a-b7bc41a849f8.d0B
2019-08-12 14:37:26,962  [PID 5544]  create_dir_and_files  [INFO]  created random files G:\_work\_program\_home_work\loading_random_files_to_ftp/temp_folder/5c566545-4e53-4cf2-bf1a-b7bc41a849f8.d0C
2019-08-12 14:37:26,966  [PID 5544]  create_dir_and_files  [INFO]  created random files G:\_work\_program\_home_work\loading_random_files_to_ftp/temp_folder/5c566545-4e53-4cf2-bf1a-b7bc41a849f8.d0D
2019-08-12 14:37:26,970  [PID 5544]  create_dir_and_files  [INFO]  created random files G:\_work\_program\_home_work\loading_random_files_to_ftp/temp_folder/5c566545-4e53-4cf2-bf1a-b7bc41a849f8.d0E
2019-08-12 14:37:26,974  [PID 5544]  create_dir_and_files  [INFO]  created random files G:\_work\_program\_home_work\loading_random_files_to_ftp/temp_folder/5c566545-4e53-4cf2-bf1a-b7bc41a849f8.d0F
2019-08-12 14:37:26,975  [PID 5544]  create_dir_and_files  [INFO]  generate random file name c3f2b3b9-4d32-4121-bb42-d6414cd4fdc2
2019-08-12 14:37:26,975  [PID 5544]  create_dir_and_files  [INFO]  directory temp_folder already exist
2019-08-12 14:37:26,980  [PID 5544]  create_dir_and_files  [INFO]  created random files G:\_work\_program\_home_work\loading_random_files_to_ftp/temp_folder/c3f2b3b9-4d32-4121-bb42-d6414cd4fdc2.zip
2019-08-12 14:37:26,980  [PID 5544]  create_dir_and_files  [INFO]  generate random file name 296d8b6d-d34b-4947-8640-18568854640d
2019-08-12 14:37:26,981  [PID 5544]  create_dir_and_files  [INFO]  directory temp_folder already exist
2019-08-12 14:37:26,985  [PID 5544]  create_dir_and_files  [INFO]  created random files G:\_work\_program\_home_work\loading_random_files_to_ftp/temp_folder/296d8b6d-d34b-4947-8640-18568854640d.os1.zip
2019-08-12 14:37:26,990  [PID 5544]  create_dir_and_files  [INFO]  created random files G:\_work\_program\_home_work\loading_random_files_to_ftp/temp_folder/296d8b6d-d34b-4947-8640-18568854640d.os2.zip
2019-08-12 14:37:26,990  [PID 5544]  load_to_ftp_random_files_new  [INFO]  received from config file - ftp_host, ip_addr, port, user_name, password
2019-08-12 14:37:26,990  [PID 5544]  create_dir_and_files  [INFO]  generate random file name 7ee00b40-8ef8-48b8-b91a-52a2603c8b0d
2019-08-12 14:37:26,990  [PID 5544]  create_dir_and_files  [INFO]  directory temp_folder already exist
2019-08-12 14:37:26,995  [PID 5544]  create_dir_and_files  [INFO]  created random files G:\_work\_program\_home_work\loading_random_files_to_ftp/temp_folder/7ee00b40-8ef8-48b8-b91a-52a2603c8b0d.to
2019-08-12 14:37:26,999  [PID 5544]  create_dir_and_files  [INFO]  created random files G:\_work\_program\_home_work\loading_random_files_to_ftp/temp_folder/7ee00b40-8ef8-48b8-b91a-52a2603c8b0d.t01
2019-08-12 14:37:27,004  [PID 5544]  create_dir_and_files  [INFO]  created random files G:\_work\_program\_home_work\loading_random_files_to_ftp/temp_folder/7ee00b40-8ef8-48b8-b91a-52a2603c8b0d.t02
2019-08-12 14:37:27,009  [PID 5544]  create_dir_and_files  [INFO]  created random files G:\_work\_program\_home_work\loading_random_files_to_ftp/temp_folder/7ee00b40-8ef8-48b8-b91a-52a2603c8b0d.t03
2019-08-12 14:37:27,014  [PID 5544]  create_dir_and_files  [INFO]  created random files G:\_work\_program\_home_work\loading_random_files_to_ftp/temp_folder/7ee00b40-8ef8-48b8-b91a-52a2603c8b0d.t04
2019-08-12 14:37:27,019  [PID 5544]  create_dir_and_files  [INFO]  created random files G:\_work\_program\_home_work\loading_random_files_to_ftp/temp_folder/7ee00b40-8ef8-48b8-b91a-52a2603c8b0d.t05
2019-08-12 14:37:27,023  [PID 5544]  create_dir_and_files  [INFO]  created random files G:\_work\_program\_home_work\loading_random_files_to_ftp/temp_folder/7ee00b40-8ef8-48b8-b91a-52a2603c8b0d.t06
2019-08-12 14:37:27,028  [PID 5544]  create_dir_and_files  [INFO]  created random files G:\_work\_program\_home_work\loading_random_files_to_ftp/temp_folder/7ee00b40-8ef8-48b8-b91a-52a2603c8b0d.t07
2019-08-12 14:37:27,033  [PID 5544]  create_dir_and_files  [INFO]  created random files G:\_work\_program\_home_work\loading_random_files_to_ftp/temp_folder/7ee00b40-8ef8-48b8-b91a-52a2603c8b0d.t08
2019-08-12 14:37:27,038  [PID 5544]  create_dir_and_files  [INFO]  created random files G:\_work\_program\_home_work\loading_random_files_to_ftp/temp_folder/7ee00b40-8ef8-48b8-b91a-52a2603c8b0d.t09
2019-08-12 14:37:27,042  [PID 5544]  create_dir_and_files  [INFO]  created random files G:\_work\_program\_home_work\loading_random_files_to_ftp/temp_folder/7ee00b40-8ef8-48b8-b91a-52a2603c8b0d.t0A
2019-08-12 14:37:27,047  [PID 5544]  create_dir_and_files  [INFO]  created random files G:\_work\_program\_home_work\loading_random_files_to_ftp/temp_folder/7ee00b40-8ef8-48b8-b91a-52a2603c8b0d.t0B
2019-08-12 14:37:27,052  [PID 5544]  create_dir_and_files  [INFO]  created random files G:\_work\_program\_home_work\loading_random_files_to_ftp/temp_folder/7ee00b40-8ef8-48b8-b91a-52a2603c8b0d.t0C
2019-08-12 14:37:27,059  [PID 5544]  create_dir_and_files  [INFO]  created random files G:\_work\_program\_home_work\loading_random_files_to_ftp/temp_folder/7ee00b40-8ef8-48b8-b91a-52a2603c8b0d.t0D
2019-08-12 14:37:27,063  [PID 5544]  create_dir_and_files  [INFO]  created random files G:\_work\_program\_home_work\loading_random_files_to_ftp/temp_folder/7ee00b40-8ef8-48b8-b91a-52a2603c8b0d.t0E
2019-08-12 14:37:27,068  [PID 5544]  create_dir_and_files  [INFO]  created random files G:\_work\_program\_home_work\loading_random_files_to_ftp/temp_folder/7ee00b40-8ef8-48b8-b91a-52a2603c8b0d.t0F
2019-08-12 14:37:27,068  [PID 5544]  create_dir_and_files  [INFO]  generate random file name 04b2c7d1-1da3-4030-8ea7-81315813d9c6
2019-08-12 14:37:27,068  [PID 5544]  create_dir_and_files  [INFO]  directory temp_folder already exist
2019-08-12 14:37:27,073  [PID 5544]  create_dir_and_files  [INFO]  created random files G:\_work\_program\_home_work\loading_random_files_to_ftp/temp_folder/04b2c7d1-1da3-4030-8ea7-81315813d9c6.do
2019-08-12 14:37:27,078  [PID 5544]  create_dir_and_files  [INFO]  created random files G:\_work\_program\_home_work\loading_random_files_to_ftp/temp_folder/04b2c7d1-1da3-4030-8ea7-81315813d9c6.d01
2019-08-12 14:37:27,083  [PID 5544]  create_dir_and_files  [INFO]  created random files G:\_work\_program\_home_work\loading_random_files_to_ftp/temp_folder/04b2c7d1-1da3-4030-8ea7-81315813d9c6.d02
2019-08-12 14:37:27,087  [PID 5544]  create_dir_and_files  [INFO]  created random files G:\_work\_program\_home_work\loading_random_files_to_ftp/temp_folder/04b2c7d1-1da3-4030-8ea7-81315813d9c6.d03
2019-08-12 14:37:27,092  [PID 5544]  create_dir_and_files  [INFO]  created random files G:\_work\_program\_home_work\loading_random_files_to_ftp/temp_folder/04b2c7d1-1da3-4030-8ea7-81315813d9c6.d04
2019-08-12 14:37:27,096  [PID 5544]  create_dir_and_files  [INFO]  created random files G:\_work\_program\_home_work\loading_random_files_to_ftp/temp_folder/04b2c7d1-1da3-4030-8ea7-81315813d9c6.d05
2019-08-12 14:37:27,101  [PID 5544]  create_dir_and_files  [INFO]  created random files G:\_work\_program\_home_work\loading_random_files_to_ftp/temp_folder/04b2c7d1-1da3-4030-8ea7-81315813d9c6.d06
2019-08-12 14:37:27,105  [PID 5544]  create_dir_and_files  [INFO]  created random files G:\_work\_program\_home_work\loading_random_files_to_ftp/temp_folder/04b2c7d1-1da3-4030-8ea7-81315813d9c6.d07
2019-08-12 14:37:27,110  [PID 5544]  create_dir_and_files  [INFO]  created random files G:\_work\_program\_home_work\loading_random_files_to_ftp/temp_folder/04b2c7d1-1da3-4030-8ea7-81315813d9c6.d08
2019-08-12 14:37:27,115  [PID 5544]  create_dir_and_files  [INFO]  created random files G:\_work\_program\_home_work\loading_random_files_to_ftp/temp_folder/04b2c7d1-1da3-4030-8ea7-81315813d9c6.d09
2019-08-12 14:37:27,120  [PID 5544]  create_dir_and_files  [INFO]  created random files G:\_work\_program\_home_work\loading_random_files_to_ftp/temp_folder/04b2c7d1-1da3-4030-8ea7-81315813d9c6.d0A
2019-08-12 14:37:27,125  [PID 5544]  create_dir_and_files  [INFO]  created random files G:\_work\_program\_home_work\loading_random_files_to_ftp/temp_folder/04b2c7d1-1da3-4030-8ea7-81315813d9c6.d0B
2019-08-12 14:37:27,129  [PID 5544]  create_dir_and_files  [INFO]  created random files G:\_work\_program\_home_work\loading_random_files_to_ftp/temp_folder/04b2c7d1-1da3-4030-8ea7-81315813d9c6.d0C
2019-08-12 14:37:27,134  [PID 5544]  create_dir_and_files  [INFO]  created random files G:\_work\_program\_home_work\loading_random_files_to_ftp/temp_folder/04b2c7d1-1da3-4030-8ea7-81315813d9c6.d0D
2019-08-12 14:37:27,138  [PID 5544]  create_dir_and_files  [INFO]  created random files G:\_work\_program\_home_work\loading_random_files_to_ftp/temp_folder/04b2c7d1-1da3-4030-8ea7-81315813d9c6.d0E
2019-08-12 14:37:27,143  [PID 5544]  create_dir_and_files  [INFO]  created random files G:\_work\_program\_home_work\loading_random_files_to_ftp/temp_folder/04b2c7d1-1da3-4030-8ea7-81315813d9c6.d0F
2019-08-12 14:37:27,143  [PID 5544]  create_dir_and_files  [INFO]  generate random file name fcebb8d3-6aae-4a2e-97f0-7923db1933d7
2019-08-12 14:37:27,143  [PID 5544]  create_dir_and_files  [INFO]  directory temp_folder already exist
2019-08-12 14:37:27,147  [PID 5544]  create_dir_and_files  [INFO]  created random files G:\_work\_program\_home_work\loading_random_files_to_ftp/temp_folder/fcebb8d3-6aae-4a2e-97f0-7923db1933d7.zip
2019-08-12 14:37:27,147  [PID 5544]  create_dir_and_files  [INFO]  generate random file name d76c3d1a-3db6-4742-a1c9-dfdefa6e587a
2019-08-12 14:37:27,147  [PID 5544]  create_dir_and_files  [INFO]  directory temp_folder already exist
2019-08-12 14:37:27,152  [PID 5544]  create_dir_and_files  [INFO]  created random files G:\_work\_program\_home_work\loading_random_files_to_ftp/temp_folder/d76c3d1a-3db6-4742-a1c9-dfdefa6e587a.os1.zip
2019-08-12 14:37:27,157  [PID 5544]  create_dir_and_files  [INFO]  created random files G:\_work\_program\_home_work\loading_random_files_to_ftp/temp_folder/d76c3d1a-3db6-4742-a1c9-dfdefa6e587a.os2.zip
2019-08-12 14:37:27,157  [PID 5544]  load_to_ftp_random_files_new  [INFO]  received from config file - ftp_host, ip_addr, port, user_name, password
2019-08-12 14:37:27,157  [PID 5544]  create_dir_and_files  [INFO]  generate random file name 51c5c3de-ea44-4c79-8d98-3416f6f6215a
2019-08-12 14:37:27,157  [PID 5544]  create_dir_and_files  [INFO]  directory temp_folder already exist
2019-08-12 14:37:27,162  [PID 5544]  create_dir_and_files  [INFO]  created random files G:\_work\_program\_home_work\loading_random_files_to_ftp/temp_folder/51c5c3de-ea44-4c79-8d98-3416f6f6215a.to
2019-08-12 14:37:27,167  [PID 5544]  create_dir_and_files  [INFO]  created random files G:\_work\_program\_home_work\loading_random_files_to_ftp/temp_folder/51c5c3de-ea44-4c79-8d98-3416f6f6215a.t01
2019-08-12 14:37:27,172  [PID 5544]  create_dir_and_files  [INFO]  created random files G:\_work\_program\_home_work\loading_random_files_to_ftp/temp_folder/51c5c3de-ea44-4c79-8d98-3416f6f6215a.t02
2019-08-12 14:37:27,178  [PID 5544]  create_dir_and_files  [INFO]  created random files G:\_work\_program\_home_work\loading_random_files_to_ftp/temp_folder/51c5c3de-ea44-4c79-8d98-3416f6f6215a.t03
2019-08-12 14:37:27,182  [PID 5544]  create_dir_and_files  [INFO]  created random files G:\_work\_program\_home_work\loading_random_files_to_ftp/temp_folder/51c5c3de-ea44-4c79-8d98-3416f6f6215a.t04
2019-08-12 14:37:27,187  [PID 5544]  create_dir_and_files  [INFO]  created random files G:\_work\_program\_home_work\loading_random_files_to_ftp/temp_folder/51c5c3de-ea44-4c79-8d98-3416f6f6215a.t05
2019-08-12 14:37:27,192  [PID 5544]  create_dir_and_files  [INFO]  created random files G:\_work\_program\_home_work\loading_random_files_to_ftp/temp_folder/51c5c3de-ea44-4c79-8d98-3416f6f6215a.t06
2019-08-12 14:37:27,197  [PID 5544]  create_dir_and_files  [INFO]  created random files G:\_work\_program\_home_work\loading_random_files_to_ftp/temp_folder/51c5c3de-ea44-4c79-8d98-3416f6f6215a.t07
2019-08-12 14:37:27,202  [PID 5544]  create_dir_and_files  [INFO]  created random files G:\_work\_program\_home_work\loading_random_files_to_ftp/temp_folder/51c5c3de-ea44-4c79-8d98-3416f6f6215a.t08
2019-08-12 14:37:27,206  [PID 5544]  create_dir_and_files  [INFO]  created random files G:\_work\_program\_home_work\loading_random_files_to_ftp/temp_folder/51c5c3de-ea44-4c79-8d98-3416f6f6215a.t09
2019-08-12 14:37:27,211  [PID 5544]  create_dir_and_files  [INFO]  created random files G:\_work\_program\_home_work\loading_random_files_to_ftp/temp_folder/51c5c3de-ea44-4c79-8d98-3416f6f6215a.t0A
2019-08-12 14:37:27,216  [PID 5544]  create_dir_and_files  [INFO]  created random files G:\_work\_program\_home_work\loading_random_files_to_ftp/temp_folder/51c5c3de-ea44-4c79-8d98-3416f6f6215a.t0B
2019-08-12 14:37:27,232  [PID 5544]  create_dir_and_files  [INFO]  created random files G:\_work\_program\_home_work\loading_random_files_to_ftp/temp_folder/51c5c3de-ea44-4c79-8d98-3416f6f6215a.t0C
2019-08-12 14:37:27,237  [PID 5544]  create_dir_and_files  [INFO]  created random files G:\_work\_program\_home_work\loading_random_files_to_ftp/temp_folder/51c5c3de-ea44-4c79-8d98-3416f6f6215a.t0D
2019-08-12 14:37:27,242  [PID 5544]  create_dir_and_files  [INFO]  created random files G:\_work\_program\_home_work\loading_random_files_to_ftp/temp_folder/51c5c3de-ea44-4c79-8d98-3416f6f6215a.t0E
2019-08-12 14:37:27,247  [PID 5544]  create_dir_and_files  [INFO]  created random files G:\_work\_program\_home_work\loading_random_files_to_ftp/temp_folder/51c5c3de-ea44-4c79-8d98-3416f6f6215a.t0F
2019-08-12 14:37:27,247  [PID 5544]  create_dir_and_files  [INFO]  generate random file name 7e1a04dc-dc96-4d07-bd42-9e3e5a790d09
2019-08-12 14:37:27,247  [PID 5544]  create_dir_and_files  [INFO]  directory temp_folder already exist
2019-08-12 14:37:27,253  [PID 5544]  create_dir_and_files  [INFO]  created random files G:\_work\_program\_home_work\loading_random_files_to_ftp/temp_folder/7e1a04dc-dc96-4d07-bd42-9e3e5a790d09.do
2019-08-12 14:37:27,260  [PID 5544]  create_dir_and_files  [INFO]  created random files G:\_work\_program\_home_work\loading_random_files_to_ftp/temp_folder/7e1a04dc-dc96-4d07-bd42-9e3e5a790d09.d01
2019-08-12 14:37:27,265  [PID 5544]  create_dir_and_files  [INFO]  created random files G:\_work\_program\_home_work\loading_random_files_to_ftp/temp_folder/7e1a04dc-dc96-4d07-bd42-9e3e5a790d09.d02
2019-08-12 14:37:27,270  [PID 5544]  create_dir_and_files  [INFO]  created random files G:\_work\_program\_home_work\loading_random_files_to_ftp/temp_folder/7e1a04dc-dc96-4d07-bd42-9e3e5a790d09.d03
2019-08-12 14:37:27,276  [PID 5544]  create_dir_and_files  [INFO]  created random files G:\_work\_program\_home_work\loading_random_files_to_ftp/temp_folder/7e1a04dc-dc96-4d07-bd42-9e3e5a790d09.d04
2019-08-12 14:37:27,285  [PID 5544]  create_dir_and_files  [INFO]  created random files G:\_work\_program\_home_work\loading_random_files_to_ftp/temp_folder/7e1a04dc-dc96-4d07-bd42-9e3e5a790d09.d05
2019-08-12 14:37:27,291  [PID 5544]  create_dir_and_files  [INFO]  created random files G:\_work\_program\_home_work\loading_random_files_to_ftp/temp_folder/7e1a04dc-dc96-4d07-bd42-9e3e5a790d09.d06
2019-08-12 14:37:27,296  [PID 5544]  create_dir_and_files  [INFO]  created random files G:\_work\_program\_home_work\loading_random_files_to_ftp/temp_folder/7e1a04dc-dc96-4d07-bd42-9e3e5a790d09.d07
2019-08-12 14:37:27,302  [PID 5544]  create_dir_and_files  [INFO]  created random files G:\_work\_program\_home_work\loading_random_files_to_ftp/temp_folder/7e1a04dc-dc96-4d07-bd42-9e3e5a790d09.d08
2019-08-12 14:37:27,309  [PID 5544]  create_dir_and_files  [INFO]  created random files G:\_work\_program\_home_work\loading_random_files_to_ftp/temp_folder/7e1a04dc-dc96-4d07-bd42-9e3e5a790d09.d09
2019-08-12 14:37:27,314  [PID 5544]  create_dir_and_files  [INFO]  created random files G:\_work\_program\_home_work\loading_random_files_to_ftp/temp_folder/7e1a04dc-dc96-4d07-bd42-9e3e5a790d09.d0A
2019-08-12 14:37:27,320  [PID 5544]  create_dir_and_files  [INFO]  created random files G:\_work\_program\_home_work\loading_random_files_to_ftp/temp_folder/7e1a04dc-dc96-4d07-bd42-9e3e5a790d09.d0B
2019-08-12 14:37:27,326  [PID 5544]  create_dir_and_files  [INFO]  created random files G:\_work\_program\_home_work\loading_random_files_to_ftp/temp_folder/7e1a04dc-dc96-4d07-bd42-9e3e5a790d09.d0C
2019-08-12 14:37:27,330  [PID 5544]  create_dir_and_files  [INFO]  created random files G:\_work\_program\_home_work\loading_random_files_to_ftp/temp_folder/7e1a04dc-dc96-4d07-bd42-9e3e5a790d09.d0D
2019-08-12 14:37:27,334  [PID 5544]  create_dir_and_files  [INFO]  created random files G:\_work\_program\_home_work\loading_random_files_to_ftp/temp_folder/7e1a04dc-dc96-4d07-bd42-9e3e5a790d09.d0E
2019-08-12 14:37:27,339  [PID 5544]  create_dir_and_files  [INFO]  created random files G:\_work\_program\_home_work\loading_random_files_to_ftp/temp_folder/7e1a04dc-dc96-4d07-bd42-9e3e5a790d09.d0F
2019-08-12 14:37:27,339  [PID 5544]  create_dir_and_files  [INFO]  generate random file name 7be6ae59-28b3-4972-8765-08277dcf2020
2019-08-12 14:37:27,339  [PID 5544]  create_dir_and_files  [INFO]  directory temp_folder already exist
2019-08-12 14:37:27,344  [PID 5544]  create_dir_and_files  [INFO]  created random files G:\_work\_program\_home_work\loading_random_files_to_ftp/temp_folder/7be6ae59-28b3-4972-8765-08277dcf2020.zip
2019-08-12 14:37:27,344  [PID 5544]  create_dir_and_files  [INFO]  generate random file name 6c9d2bb8-0302-4a15-badb-0728f6fe714f
2019-08-12 14:37:27,345  [PID 5544]  create_dir_and_files  [INFO]  directory temp_folder already exist
2019-08-12 14:37:27,349  [PID 5544]  create_dir_and_files  [INFO]  created random files G:\_work\_program\_home_work\loading_random_files_to_ftp/temp_folder/6c9d2bb8-0302-4a15-badb-0728f6fe714f.os1.zip
2019-08-12 14:37:27,354  [PID 5544]  create_dir_and_files  [INFO]  created random files G:\_work\_program\_home_work\loading_random_files_to_ftp/temp_folder/6c9d2bb8-0302-4a15-badb-0728f6fe714f.os2.zip
2019-08-12 14:37:27,354  [PID 5544]  load_to_ftp_random_files_new  [INFO]  received from config file - ftp_host, ip_addr, port, user_name, password
2019-08-12 14:37:27,354  [PID 5544]  create_dir_and_files  [INFO]  generate random file name 29851f6b-22fe-4dd4-be0e-361936266ba7
2019-08-12 14:37:27,354  [PID 5544]  create_dir_and_files  [INFO]  directory temp_folder already exist
2019-08-12 14:37:27,359  [PID 5544]  create_dir_and_files  [INFO]  created random files G:\_work\_program\_home_work\loading_random_files_to_ftp/temp_folder/29851f6b-22fe-4dd4-be0e-361936266ba7.to
2019-08-12 14:37:27,363  [PID 5544]  create_dir_and_files  [INFO]  created random files G:\_work\_program\_home_work\loading_random_files_to_ftp/temp_folder/29851f6b-22fe-4dd4-be0e-361936266ba7.t01
2019-08-12 14:37:27,369  [PID 5544]  create_dir_and_files  [INFO]  created random files G:\_work\_program\_home_work\loading_random_files_to_ftp/temp_folder/29851f6b-22fe-4dd4-be0e-361936266ba7.t02
2019-08-12 14:37:27,374  [PID 5544]  create_dir_and_files  [INFO]  created random files G:\_work\_program\_home_work\loading_random_files_to_ftp/temp_folder/29851f6b-22fe-4dd4-be0e-361936266ba7.t03
2019-08-12 14:37:27,380  [PID 5544]  create_dir_and_files  [INFO]  created random files G:\_work\_program\_home_work\loading_random_files_to_ftp/temp_folder/29851f6b-22fe-4dd4-be0e-361936266ba7.t04
2019-08-12 14:37:27,385  [PID 5544]  create_dir_and_files  [INFO]  created random files G:\_work\_program\_home_work\loading_random_files_to_ftp/temp_folder/29851f6b-22fe-4dd4-be0e-361936266ba7.t05
2019-08-12 14:37:27,390  [PID 5544]  create_dir_and_files  [INFO]  created random files G:\_work\_program\_home_work\loading_random_files_to_ftp/temp_folder/29851f6b-22fe-4dd4-be0e-361936266ba7.t06
2019-08-12 14:37:27,395  [PID 5544]  create_dir_and_files  [INFO]  created random files G:\_work\_program\_home_work\loading_random_files_to_ftp/temp_folder/29851f6b-22fe-4dd4-be0e-361936266ba7.t07
2019-08-12 14:37:27,399  [PID 5544]  create_dir_and_files  [INFO]  created random files G:\_work\_program\_home_work\loading_random_files_to_ftp/temp_folder/29851f6b-22fe-4dd4-be0e-361936266ba7.t08
2019-08-12 14:37:27,404  [PID 5544]  create_dir_and_files  [INFO]  created random files G:\_work\_program\_home_work\loading_random_files_to_ftp/temp_folder/29851f6b-22fe-4dd4-be0e-361936266ba7.t09
2019-08-12 14:37:27,425  [PID 5544]  create_dir_and_files  [INFO]  created random files G:\_work\_program\_home_work\loading_random_files_to_ftp/temp_folder/29851f6b-22fe-4dd4-be0e-361936266ba7.t0A
2019-08-12 14:37:27,429  [PID 5544]  create_dir_and_files  [INFO]  created random files G:\_work\_program\_home_work\loading_random_files_to_ftp/temp_folder/29851f6b-22fe-4dd4-be0e-361936266ba7.t0B
2019-08-12 14:37:27,434  [PID 5544]  create_dir_and_files  [INFO]  created random files G:\_work\_program\_home_work\loading_random_files_to_ftp/temp_folder/29851f6b-22fe-4dd4-be0e-361936266ba7.t0C
2019-08-12 14:37:27,439  [PID 5544]  create_dir_and_files  [INFO]  created random files G:\_work\_program\_home_work\loading_random_files_to_ftp/temp_folder/29851f6b-22fe-4dd4-be0e-361936266ba7.t0D
2019-08-12 14:37:27,445  [PID 5544]  create_dir_and_files  [INFO]  created random files G:\_work\_program\_home_work\loading_random_files_to_ftp/temp_folder/29851f6b-22fe-4dd4-be0e-361936266ba7.t0E
2019-08-12 14:37:27,450  [PID 5544]  create_dir_and_files  [INFO]  created random files G:\_work\_program\_home_work\loading_random_files_to_ftp/temp_folder/29851f6b-22fe-4dd4-be0e-361936266ba7.t0F
2019-08-12 14:37:27,450  [PID 5544]  create_dir_and_files  [INFO]  generate random file name 78658c7e-0cc1-4a02-8922-ed0ccd863212
2019-08-12 14:37:27,450  [PID 5544]  create_dir_and_files  [INFO]  directory temp_folder already exist
2019-08-12 14:37:27,454  [PID 5544]  create_dir_and_files  [INFO]  created random files G:\_work\_program\_home_work\loading_random_files_to_ftp/temp_folder/78658c7e-0cc1-4a02-8922-ed0ccd863212.do
2019-08-12 14:37:27,460  [PID 5544]  create_dir_and_files  [INFO]  created random files G:\_work\_program\_home_work\loading_random_files_to_ftp/temp_folder/78658c7e-0cc1-4a02-8922-ed0ccd863212.d01
2019-08-12 14:37:27,464  [PID 5544]  create_dir_and_files  [INFO]  created random files G:\_work\_program\_home_work\loading_random_files_to_ftp/temp_folder/78658c7e-0cc1-4a02-8922-ed0ccd863212.d02
2019-08-12 14:37:27,469  [PID 5544]  create_dir_and_files  [INFO]  created random files G:\_work\_program\_home_work\loading_random_files_to_ftp/temp_folder/78658c7e-0cc1-4a02-8922-ed0ccd863212.d03
2019-08-12 14:37:27,473  [PID 5544]  create_dir_and_files  [INFO]  created random files G:\_work\_program\_home_work\loading_random_files_to_ftp/temp_folder/78658c7e-0cc1-4a02-8922-ed0ccd863212.d04
2019-08-12 14:37:27,478  [PID 5544]  create_dir_and_files  [INFO]  created random files G:\_work\_program\_home_work\loading_random_files_to_ftp/temp_folder/78658c7e-0cc1-4a02-8922-ed0ccd863212.d05
2019-08-12 14:37:27,482  [PID 5544]  create_dir_and_files  [INFO]  created random files G:\_work\_program\_home_work\loading_random_files_to_ftp/temp_folder/78658c7e-0cc1-4a02-8922-ed0ccd863212.d06
2019-08-12 14:37:27,487  [PID 5544]  create_dir_and_files  [INFO]  created random files G:\_work\_program\_home_work\loading_random_files_to_ftp/temp_folder/78658c7e-0cc1-4a02-8922-ed0ccd863212.d07
2019-08-12 14:37:27,492  [PID 5544]  create_dir_and_files  [INFO]  created random files G:\_work\_program\_home_work\loading_random_files_to_ftp/temp_folder/78658c7e-0cc1-4a02-8922-ed0ccd863212.d08
2019-08-12 14:37:27,496  [PID 5544]  create_dir_and_files  [INFO]  created random files G:\_work\_program\_home_work\loading_random_files_to_ftp/temp_folder/78658c7e-0cc1-4a02-8922-ed0ccd863212.d09
2019-08-12 14:37:27,501  [PID 5544]  create_dir_and_files  [INFO]  created random files G:\_work\_program\_home_work\loading_random_files_to_ftp/temp_folder/78658c7e-0cc1-4a02-8922-ed0ccd863212.d0A
2019-08-12 14:37:27,505  [PID 5544]  create_dir_and_files  [INFO]  created random files G:\_work\_program\_home_work\loading_random_files_to_ftp/temp_folder/78658c7e-0cc1-4a02-8922-ed0ccd863212.d0B
2019-08-12 14:37:27,510  [PID 5544]  create_dir_and_files  [INFO]  created random files G:\_work\_program\_home_work\loading_random_files_to_ftp/temp_folder/78658c7e-0cc1-4a02-8922-ed0ccd863212.d0C
2019-08-12 14:37:27,515  [PID 5544]  create_dir_and_files  [INFO]  created random files G:\_work\_program\_home_work\loading_random_files_to_ftp/temp_folder/78658c7e-0cc1-4a02-8922-ed0ccd863212.d0D
2019-08-12 14:37:27,519  [PID 5544]  create_dir_and_files  [INFO]  created random files G:\_work\_program\_home_work\loading_random_files_to_ftp/temp_folder/78658c7e-0cc1-4a02-8922-ed0ccd863212.d0E
2019-08-12 14:37:27,524  [PID 5544]  create_dir_and_files  [INFO]  created random files G:\_work\_program\_home_work\loading_random_files_to_ftp/temp_folder/78658c7e-0cc1-4a02-8922-ed0ccd863212.d0F
2019-08-12 14:37:27,524  [PID 5544]  create_dir_and_files  [INFO]  generate random file name 6af8c8e4-b109-4563-b448-382ad736119b
2019-08-12 14:37:27,524  [PID 5544]  create_dir_and_files  [INFO]  directory temp_folder already exist
2019-08-12 14:37:27,528  [PID 5544]  create_dir_and_files  [INFO]  created random files G:\_work\_program\_home_work\loading_random_files_to_ftp/temp_folder/6af8c8e4-b109-4563-b448-382ad736119b.zip
2019-08-12 14:37:27,528  [PID 5544]  create_dir_and_files  [INFO]  generate random file name 86102072-28a5-4c24-8f14-d49a956a510a
2019-08-12 14:37:27,528  [PID 5544]  create_dir_and_files  [INFO]  directory temp_folder already exist
2019-08-12 14:37:27,532  [PID 5544]  create_dir_and_files  [INFO]  created random files G:\_work\_program\_home_work\loading_random_files_to_ftp/temp_folder/86102072-28a5-4c24-8f14-d49a956a510a.os1.zip
2019-08-12 14:37:27,537  [PID 5544]  create_dir_and_files  [INFO]  created random files G:\_work\_program\_home_work\loading_random_files_to_ftp/temp_folder/86102072-28a5-4c24-8f14-d49a956a510a.os2.zip
2019-08-12 14:37:27,537  [PID 5544]  load_to_ftp_random_files_new  [INFO]  received from config file - ftp_host, ip_addr, port, user_name, password
2019-08-12 14:37:27,537  [PID 5544]  create_dir_and_files  [INFO]  generate random file name d905ea2e-3554-4d14-bce2-73a0b965a105
2019-08-12 14:37:27,537  [PID 5544]  create_dir_and_files  [INFO]  directory temp_folder already exist
2019-08-12 14:37:27,542  [PID 5544]  create_dir_and_files  [INFO]  created random files G:\_work\_program\_home_work\loading_random_files_to_ftp/temp_folder/d905ea2e-3554-4d14-bce2-73a0b965a105.to
2019-08-12 14:37:27,546  [PID 5544]  create_dir_and_files  [INFO]  created random files G:\_work\_program\_home_work\loading_random_files_to_ftp/temp_folder/d905ea2e-3554-4d14-bce2-73a0b965a105.t01
2019-08-12 14:37:27,551  [PID 5544]  create_dir_and_files  [INFO]  created random files G:\_work\_program\_home_work\loading_random_files_to_ftp/temp_folder/d905ea2e-3554-4d14-bce2-73a0b965a105.t02
2019-08-12 14:37:27,555  [PID 5544]  create_dir_and_files  [INFO]  created random files G:\_work\_program\_home_work\loading_random_files_to_ftp/temp_folder/d905ea2e-3554-4d14-bce2-73a0b965a105.t03
2019-08-12 14:37:27,560  [PID 5544]  create_dir_and_files  [INFO]  created random files G:\_work\_program\_home_work\loading_random_files_to_ftp/temp_folder/d905ea2e-3554-4d14-bce2-73a0b965a105.t04
2019-08-12 14:37:27,565  [PID 5544]  create_dir_and_files  [INFO]  created random files G:\_work\_program\_home_work\loading_random_files_to_ftp/temp_folder/d905ea2e-3554-4d14-bce2-73a0b965a105.t05
2019-08-12 14:37:27,569  [PID 5544]  create_dir_and_files  [INFO]  created random files G:\_work\_program\_home_work\loading_random_files_to_ftp/temp_folder/d905ea2e-3554-4d14-bce2-73a0b965a105.t06
2019-08-12 14:37:27,574  [PID 5544]  create_dir_and_files  [INFO]  created random files G:\_work\_program\_home_work\loading_random_files_to_ftp/temp_folder/d905ea2e-3554-4d14-bce2-73a0b965a105.t07
2019-08-12 14:37:27,578  [PID 5544]  create_dir_and_files  [INFO]  created random files G:\_work\_program\_home_work\loading_random_files_to_ftp/temp_folder/d905ea2e-3554-4d14-bce2-73a0b965a105.t08
2019-08-12 14:37:27,583  [PID 5544]  create_dir_and_files  [INFO]  created random files G:\_work\_program\_home_work\loading_random_files_to_ftp/temp_folder/d905ea2e-3554-4d14-bce2-73a0b965a105.t09
2019-08-12 14:37:27,588  [PID 5544]  create_dir_and_files  [INFO]  created random files G:\_work\_program\_home_work\loading_random_files_to_ftp/temp_folder/d905ea2e-3554-4d14-bce2-73a0b965a105.t0A
2019-08-12 14:37:27,593  [PID 5544]  create_dir_and_files  [INFO]  created random files G:\_work\_program\_home_work\loading_random_files_to_ftp/temp_folder/d905ea2e-3554-4d14-bce2-73a0b965a105.t0B
2019-08-12 14:37:27,598  [PID 5544]  create_dir_and_files  [INFO]  created random files G:\_work\_program\_home_work\loading_random_files_to_ftp/temp_folder/d905ea2e-3554-4d14-bce2-73a0b965a105.t0C
2019-08-12 14:37:27,603  [PID 5544]  create_dir_and_files  [INFO]  created random files G:\_work\_program\_home_work\loading_random_files_to_ftp/temp_folder/d905ea2e-3554-4d14-bce2-73a0b965a105.t0D
2019-08-12 14:37:27,608  [PID 5544]  create_dir_and_files  [INFO]  created random files G:\_work\_program\_home_work\loading_random_files_to_ftp/temp_folder/d905ea2e-3554-4d14-bce2-73a0b965a105.t0E
2019-08-12 14:37:27,613  [PID 5544]  create_dir_and_files  [INFO]  created random files G:\_work\_program\_home_work\loading_random_files_to_ftp/temp_folder/d905ea2e-3554-4d14-bce2-73a0b965a105.t0F
2019-08-12 14:37:27,613  [PID 5544]  create_dir_and_files  [INFO]  generate random file name a8e2ae2d-13e5-4b97-8290-5b2622ec9c21
2019-08-12 14:37:27,613  [PID 5544]  create_dir_and_files  [INFO]  directory temp_folder already exist
2019-08-12 14:37:27,618  [PID 5544]  create_dir_and_files  [INFO]  created random files G:\_work\_program\_home_work\loading_random_files_to_ftp/temp_folder/a8e2ae2d-13e5-4b97-8290-5b2622ec9c21.do
2019-08-12 14:37:27,623  [PID 5544]  create_dir_and_files  [INFO]  created random files G:\_work\_program\_home_work\loading_random_files_to_ftp/temp_folder/a8e2ae2d-13e5-4b97-8290-5b2622ec9c21.d01
2019-08-12 14:37:27,628  [PID 5544]  create_dir_and_files  [INFO]  created random files G:\_work\_program\_home_work\loading_random_files_to_ftp/temp_folder/a8e2ae2d-13e5-4b97-8290-5b2622ec9c21.d02
2019-08-12 14:37:27,633  [PID 5544]  create_dir_and_files  [INFO]  created random files G:\_work\_program\_home_work\loading_random_files_to_ftp/temp_folder/a8e2ae2d-13e5-4b97-8290-5b2622ec9c21.d03
2019-08-12 14:37:27,640  [PID 5544]  create_dir_and_files  [INFO]  created random files G:\_work\_program\_home_work\loading_random_files_to_ftp/temp_folder/a8e2ae2d-13e5-4b97-8290-5b2622ec9c21.d04
2019-08-12 14:37:27,646  [PID 5544]  create_dir_and_files  [INFO]  created random files G:\_work\_program\_home_work\loading_random_files_to_ftp/temp_folder/a8e2ae2d-13e5-4b97-8290-5b2622ec9c21.d05
2019-08-12 14:37:27,651  [PID 5544]  create_dir_and_files  [INFO]  created random files G:\_work\_program\_home_work\loading_random_files_to_ftp/temp_folder/a8e2ae2d-13e5-4b97-8290-5b2622ec9c21.d06
2019-08-12 14:37:27,657  [PID 5544]  create_dir_and_files  [INFO]  created random files G:\_work\_program\_home_work\loading_random_files_to_ftp/temp_folder/a8e2ae2d-13e5-4b97-8290-5b2622ec9c21.d07
2019-08-12 14:37:27,663  [PID 5544]  create_dir_and_files  [INFO]  created random files G:\_work\_program\_home_work\loading_random_files_to_ftp/temp_folder/a8e2ae2d-13e5-4b97-8290-5b2622ec9c21.d08
2019-08-12 14:37:27,669  [PID 5544]  create_dir_and_files  [INFO]  created random files G:\_work\_program\_home_work\loading_random_files_to_ftp/temp_folder/a8e2ae2d-13e5-4b97-8290-5b2622ec9c21.d09
2019-08-12 14:37:27,673  [PID 5544]  create_dir_and_files  [INFO]  created random files G:\_work\_program\_home_work\loading_random_files_to_ftp/temp_folder/a8e2ae2d-13e5-4b97-8290-5b2622ec9c21.d0A
2019-08-12 14:37:27,679  [PID 5544]  create_dir_and_files  [INFO]  created random files G:\_work\_program\_home_work\loading_random_files_to_ftp/temp_folder/a8e2ae2d-13e5-4b97-8290-5b2622ec9c21.d0B
2019-08-12 14:37:27,684  [PID 5544]  create_dir_and_files  [INFO]  created random files G:\_work\_program\_home_work\loading_random_files_to_ftp/temp_folder/a8e2ae2d-13e5-4b97-8290-5b2622ec9c21.d0C
2019-08-12 14:37:27,689  [PID 5544]  create_dir_and_files  [INFO]  created random files G:\_work\_program\_home_work\loading_random_files_to_ftp/temp_folder/a8e2ae2d-13e5-4b97-8290-5b2622ec9c21.d0D
2019-08-12 14:37:27,693  [PID 5544]  create_dir_and_files  [INFO]  created random files G:\_work\_program\_home_work\loading_random_files_to_ftp/temp_folder/a8e2ae2d-13e5-4b97-8290-5b2622ec9c21.d0E
2019-08-12 14:37:27,699  [PID 5544]  create_dir_and_files  [INFO]  created random files G:\_work\_program\_home_work\loading_random_files_to_ftp/temp_folder/a8e2ae2d-13e5-4b97-8290-5b2622ec9c21.d0F
2019-08-12 14:37:27,699  [PID 5544]  create_dir_and_files  [INFO]  generate random file name 1db953f9-74c1-4f45-9ad2-4880c3ad0db9
2019-08-12 14:37:27,699  [PID 5544]  create_dir_and_files  [INFO]  directory temp_folder already exist
2019-08-12 14:37:27,704  [PID 5544]  create_dir_and_files  [INFO]  created random files G:\_work\_program\_home_work\loading_random_files_to_ftp/temp_folder/1db953f9-74c1-4f45-9ad2-4880c3ad0db9.zip
2019-08-12 14:37:27,705  [PID 5544]  create_dir_and_files  [INFO]  generate random file name 06457dbd-fe7a-489b-bd1f-616a03122b7e
2019-08-12 14:37:27,705  [PID 5544]  create_dir_and_files  [INFO]  directory temp_folder already exist
2019-08-12 14:37:27,710  [PID 5544]  create_dir_and_files  [INFO]  created random files G:\_work\_program\_home_work\loading_random_files_to_ftp/temp_folder/06457dbd-fe7a-489b-bd1f-616a03122b7e.os1.zip
2019-08-12 14:37:27,715  [PID 5544]  create_dir_and_files  [INFO]  created random files G:\_work\_program\_home_work\loading_random_files_to_ftp/temp_folder/06457dbd-fe7a-489b-bd1f-616a03122b7e.os2.zip
